0 verbose cli /usr/bin/node /usr/bin/npm
1 info using npm@9.2.0
2 info using node@v18.19.1
3 timing npm:load:whichnode Completed in 0ms
4 timing config:load:defaults Completed in 2ms
5 timing config:load:file:/usr/share/nodejs/npm/npmrc Completed in 3ms
6 timing config:load:builtin Completed in 4ms
7 timing config:load:cli Completed in 2ms
8 timing config:load:env Completed in 1ms
9 timing config:load:file:/home/admin/dashboard/admin-dashboard/.npmrc Completed in 0ms
10 timing config:load:project Completed in 2ms
11 timing config:load:file:/home/admin/.npmrc Completed in 0ms
12 timing config:load:user Completed in 0ms
13 timing config:load:file:/etc/npmrc Completed in 0ms
14 timing config:load:global Completed in 0ms
15 timing config:load:setEnvs Completed in 1ms
16 timing config:load Completed in 13ms
17 timing npm:load:configload Completed in 14ms
18 timing npm:load:mkdirpcache Completed in 0ms
19 timing npm:load:mkdirplogs Completed in 0ms
20 verbose title npm install @tailwindcss/postcss
21 verbose argv "install" "--save-dev" "@tailwindcss/postcss"
22 timing npm:load:setTitle Completed in 2ms
23 timing config:load:flatten Completed in 5ms
24 timing npm:load:display Completed in 6ms
25 verbose logfile logs-max:10 dir:/home/admin/.npm/_logs/2025-05-15T07_04_53_500Z-
26 verbose logfile /home/admin/.npm/_logs/2025-05-15T07_04_53_500Z-debug-0.log
27 timing npm:load:logFile Completed in 11ms
28 timing npm:load:timers Completed in 0ms
29 timing npm:load:configScope Completed in 0ms
30 timing npm:load Completed in 33ms
31 silly logfile start cleaning logs, removing 1 files
32 timing config:load:flatten Completed in 0ms
33 timing arborist:ctor Completed in 2ms
34 silly logfile done cleaning log files
35 timing idealTree:init Completed in 175ms
36 timing idealTree:userRequests Completed in 3ms
37 silly idealTree buildDeps
38 silly fetch manifest @tailwindcss/postcss@*
39 verbose shrinkwrap failed to load node_modules/.package-lock.json out of date, updated: node_modules
40 http fetch GET 200 https://registry.npmjs.org/@tailwindcss%2fpostcss 326ms (cache miss)
41 silly placeDep ROOT @tailwindcss/postcss@4.1.6 OK for: admin-dashboard@0.0.0 want: *
42 silly fetch manifest @alloc/quick-lru@^5.2.0
43 silly fetch manifest @tailwindcss/node@4.1.6
44 silly fetch manifest @tailwindcss/oxide@4.1.6
45 http fetch GET 200 https://registry.npmjs.org/@alloc%2fquick-lru 68ms (cache miss)
46 http fetch GET 200 https://registry.npmjs.org/@tailwindcss%2fnode 75ms (cache miss)
47 http fetch GET 200 https://registry.npmjs.org/@tailwindcss%2foxide 113ms (cache miss)
48 timing idealTree:#root Completed in 458ms
49 silly placeDep ROOT @alloc/quick-lru@5.2.0 OK for: @tailwindcss/postcss@4.1.6 want: ^5.2.0
50 silly placeDep ROOT @tailwindcss/node@4.1.6 OK for: @tailwindcss/postcss@4.1.6 want: 4.1.6
51 silly placeDep ROOT @tailwindcss/oxide@4.1.6 OK for: @tailwindcss/postcss@4.1.6 want: 4.1.6
52 silly fetch manifest jiti@^2.4.2
53 silly fetch manifest lightningcss@1.29.2
54 silly fetch manifest enhanced-resolve@^5.18.1
55 silly fetch manifest tar@^7.4.3
56 silly fetch manifest detect-libc@^2.0.4
57 silly fetch manifest @tailwindcss/oxide-darwin-x64@4.1.6
58 silly fetch manifest @tailwindcss/oxide-freebsd-x64@4.1.6
59 silly fetch manifest @tailwindcss/oxide-wasm32-wasi@4.1.6
60 silly fetch manifest @tailwindcss/oxide-darwin-arm64@4.1.6
61 silly fetch manifest @tailwindcss/oxide-android-arm64@4.1.6
62 silly fetch manifest @tailwindcss/oxide-linux-x64-gnu@4.1.6
63 silly fetch manifest @tailwindcss/oxide-linux-x64-musl@4.1.6
64 silly fetch manifest @tailwindcss/oxide-win32-x64-msvc@4.1.6
65 silly fetch manifest @tailwindcss/oxide-linux-arm64-gnu@4.1.6
66 silly fetch manifest @tailwindcss/oxide-linux-arm64-musl@4.1.6
67 silly fetch manifest @tailwindcss/oxide-win32-arm64-msvc@4.1.6
68 silly fetch manifest @tailwindcss/oxide-linux-arm-gnueabihf@4.1.6
69 http fetch GET 200 https://registry.npmjs.org/detect-libc 56ms (cache miss)
70 http fetch GET 200 https://registry.npmjs.org/enhanced-resolve 58ms (cache miss)
71 http fetch GET 200 https://registry.npmjs.org/tar 59ms (cache miss)
72 http fetch GET 200 https://registry.npmjs.org/jiti 106ms (cache revalidated)
73 http fetch GET 200 https://registry.npmjs.org/lightningcss 143ms (cache revalidated)
74 http fetch GET 200 https://registry.npmjs.org/@tailwindcss%2foxide-wasm32-wasi 151ms (cache miss)
75 http fetch GET 200 https://registry.npmjs.org/@tailwindcss%2foxide-android-arm64 199ms (cache miss)
76 http fetch GET 200 https://registry.npmjs.org/@tailwindcss%2foxide-win32-arm64-msvc 212ms (cache miss)
77 http fetch GET 200 https://registry.npmjs.org/@tailwindcss%2foxide-freebsd-x64 289ms (cache miss)
78 http fetch GET 200 https://registry.npmjs.org/@tailwindcss%2foxide-linux-arm-gnueabihf 293ms (cache miss)
79 http fetch GET 200 https://registry.npmjs.org/@tailwindcss%2foxide-win32-x64-msvc 299ms (cache miss)
80 http fetch GET 200 https://registry.npmjs.org/@tailwindcss%2foxide-linux-arm64-gnu 302ms (cache miss)
81 http fetch GET 200 https://registry.npmjs.org/@tailwindcss%2foxide-linux-arm64-musl 305ms (cache miss)
82 http fetch GET 200 https://registry.npmjs.org/@tailwindcss%2foxide-darwin-arm64 313ms (cache miss)
83 http fetch GET 200 https://registry.npmjs.org/@tailwindcss%2foxide-linux-x64-gnu 363ms (cache miss)
84 http fetch GET 200 https://registry.npmjs.org/@tailwindcss%2foxide-linux-x64-musl 955ms (cache miss)
85 http fetch GET 200 https://registry.npmjs.org/@tailwindcss%2foxide-darwin-x64 997ms (cache miss)
86 timing idealTree:node_modules/@tailwindcss/postcss Completed in 1007ms
87 timing idealTree:node_modules/@alloc/quick-lru Completed in 0ms
88 silly placeDep ROOT enhanced-resolve@5.18.1 OK for: @tailwindcss/node@4.1.6 want: ^5.18.1
89 silly placeDep ROOT jiti@2.4.2 OK for: @tailwindcss/node@4.1.6 want: ^2.4.2
90 silly placeDep ROOT lightningcss@1.29.2 OK for: @tailwindcss/node@4.1.6 want: 1.29.2
91 silly fetch manifest tapable@^2.2.0
92 silly fetch manifest detect-libc@^2.0.3
93 silly fetch manifest lightningcss-darwin-x64@1.29.2
94 silly fetch manifest lightningcss-freebsd-x64@1.29.2
95 silly fetch manifest lightningcss-darwin-arm64@1.29.2
96 silly fetch manifest lightningcss-linux-x64-gnu@1.29.2
97 silly fetch manifest lightningcss-linux-x64-musl@1.29.2
98 silly fetch manifest lightningcss-win32-x64-msvc@1.29.2
99 silly fetch manifest lightningcss-linux-arm64-gnu@1.29.2
100 silly fetch manifest lightningcss-linux-arm64-musl@1.29.2
101 silly fetch manifest lightningcss-win32-arm64-msvc@1.29.2
102 silly fetch manifest lightningcss-linux-arm-gnueabihf@1.29.2
103 http fetch GET 200 https://registry.npmjs.org/lightningcss-win32-x64-msvc 64ms (cache miss)
104 http fetch GET 200 https://registry.npmjs.org/lightningcss-linux-x64-gnu 67ms (cache miss)
105 http fetch GET 200 https://registry.npmjs.org/lightningcss-darwin-arm64 84ms (cache miss)
106 http fetch GET 200 https://registry.npmjs.org/lightningcss-linux-x64-musl 66ms (cache miss)
107 http fetch GET 200 https://registry.npmjs.org/lightningcss-darwin-x64 85ms (cache miss)
108 http fetch GET 200 https://registry.npmjs.org/lightningcss-freebsd-x64 86ms (cache miss)
109 http fetch GET 200 https://registry.npmjs.org/lightningcss-win32-arm64-msvc 64ms (cache miss)
110 http fetch GET 200 https://registry.npmjs.org/lightningcss-linux-arm-gnueabihf 63ms (cache miss)
111 http fetch GET 200 https://registry.npmjs.org/lightningcss-linux-arm64-musl 66ms (cache miss)
112 http fetch GET 200 https://registry.npmjs.org/lightningcss-linux-arm64-gnu 72ms (cache miss)
113 http fetch GET 200 https://registry.npmjs.org/tapable 98ms (cache miss)
114 timing idealTree:node_modules/@tailwindcss/node Completed in 106ms
115 silly placeDep ROOT @tailwindcss/oxide-android-arm64@4.1.6 OK for: @tailwindcss/oxide@4.1.6 want: 4.1.6
116 silly placeDep ROOT @tailwindcss/oxide-darwin-arm64@4.1.6 OK for: @tailwindcss/oxide@4.1.6 want: 4.1.6
117 silly placeDep ROOT @tailwindcss/oxide-darwin-x64@4.1.6 OK for: @tailwindcss/oxide@4.1.6 want: 4.1.6
118 silly placeDep ROOT @tailwindcss/oxide-freebsd-x64@4.1.6 OK for: @tailwindcss/oxide@4.1.6 want: 4.1.6
119 silly placeDep ROOT @tailwindcss/oxide-linux-arm-gnueabihf@4.1.6 OK for: @tailwindcss/oxide@4.1.6 want: 4.1.6
120 silly placeDep ROOT @tailwindcss/oxide-linux-arm64-gnu@4.1.6 OK for: @tailwindcss/oxide@4.1.6 want: 4.1.6
121 silly placeDep ROOT @tailwindcss/oxide-linux-arm64-musl@4.1.6 OK for: @tailwindcss/oxide@4.1.6 want: 4.1.6
122 silly placeDep ROOT @tailwindcss/oxide-linux-x64-gnu@4.1.6 OK for: @tailwindcss/oxide@4.1.6 want: 4.1.6
123 silly placeDep ROOT @tailwindcss/oxide-linux-x64-musl@4.1.6 OK for: @tailwindcss/oxide@4.1.6 want: 4.1.6
124 silly placeDep ROOT @tailwindcss/oxide-wasm32-wasi@4.1.6 OK for: @tailwindcss/oxide@4.1.6 want: 4.1.6
125 silly placeDep ROOT @tailwindcss/oxide-win32-arm64-msvc@4.1.6 OK for: @tailwindcss/oxide@4.1.6 want: 4.1.6
126 silly placeDep ROOT @tailwindcss/oxide-win32-x64-msvc@4.1.6 OK for: @tailwindcss/oxide@4.1.6 want: 4.1.6
127 silly placeDep ROOT detect-libc@2.0.4 OK for: @tailwindcss/oxide@4.1.6 want: ^2.0.4
128 silly placeDep ROOT tar@7.4.3 OK for: @tailwindcss/oxide@4.1.6 want: ^7.4.3
129 silly fetch manifest @isaacs/fs-minipass@^4.0.0
130 silly fetch manifest chownr@^3.0.0
131 silly fetch manifest minipass@^7.1.2
132 silly fetch manifest minizlib@^3.0.1
133 silly fetch manifest mkdirp@^3.0.1
134 silly fetch manifest yallist@^5.0.0
135 http fetch GET 200 https://registry.npmjs.org/chownr 82ms (cache miss)
136 http fetch GET 200 https://registry.npmjs.org/minizlib 82ms (cache miss)
137 http fetch GET 200 https://registry.npmjs.org/yallist 81ms (cache revalidated)
138 http fetch GET 200 https://registry.npmjs.org/mkdirp 82ms (cache miss)
139 http fetch GET 200 https://registry.npmjs.org/minipass 83ms (cache miss)
140 http fetch GET 200 https://registry.npmjs.org/@isaacs%2ffs-minipass 101ms (cache miss)
141 timing idealTree:node_modules/@tailwindcss/oxide Completed in 126ms
142 timing idealTree:node_modules/@tailwindcss/oxide-android-arm64 Completed in 0ms
143 timing idealTree:node_modules/@tailwindcss/oxide-darwin-arm64 Completed in 0ms
144 timing idealTree:node_modules/@tailwindcss/oxide-darwin-x64 Completed in 0ms
145 timing idealTree:node_modules/@tailwindcss/oxide-freebsd-x64 Completed in 0ms
146 timing idealTree:node_modules/@tailwindcss/oxide-linux-arm-gnueabihf Completed in 0ms
147 timing idealTree:node_modules/@tailwindcss/oxide-linux-arm64-gnu Completed in 0ms
148 timing idealTree:node_modules/@tailwindcss/oxide-linux-arm64-musl Completed in 0ms
149 timing idealTree:node_modules/@tailwindcss/oxide-linux-x64-gnu Completed in 0ms
150 timing idealTree:node_modules/@tailwindcss/oxide-linux-x64-musl Completed in 0ms
151 timing idealTree:node_modules/@tailwindcss/oxide-wasm32-wasi Completed in 0ms
152 timing idealTree:node_modules/@tailwindcss/oxide-win32-arm64-msvc Completed in 0ms
153 timing idealTree:node_modules/@tailwindcss/oxide-win32-x64-msvc Completed in 0ms
154 timing idealTree:node_modules/detect-libc Completed in 0ms
155 silly placeDep ROOT tapable@2.2.1 OK for: enhanced-resolve@5.18.1 want: ^2.2.0
156 timing idealTree:node_modules/enhanced-resolve Completed in 1ms
157 timing idealTree:node_modules/jiti Completed in 0ms
158 silly placeDep ROOT lightningcss-darwin-arm64@1.29.2 OK for: lightningcss@1.29.2 want: 1.29.2
159 silly placeDep ROOT lightningcss-darwin-x64@1.29.2 OK for: lightningcss@1.29.2 want: 1.29.2
160 silly placeDep ROOT lightningcss-freebsd-x64@1.29.2 OK for: lightningcss@1.29.2 want: 1.29.2
161 silly placeDep ROOT lightningcss-linux-arm-gnueabihf@1.29.2 OK for: lightningcss@1.29.2 want: 1.29.2
162 silly placeDep ROOT lightningcss-linux-arm64-gnu@1.29.2 OK for: lightningcss@1.29.2 want: 1.29.2
163 silly placeDep ROOT lightningcss-linux-arm64-musl@1.29.2 OK for: lightningcss@1.29.2 want: 1.29.2
164 silly placeDep ROOT lightningcss-linux-x64-gnu@1.29.2 OK for: lightningcss@1.29.2 want: 1.29.2
165 silly placeDep ROOT lightningcss-linux-x64-musl@1.29.2 OK for: lightningcss@1.29.2 want: 1.29.2
166 silly placeDep ROOT lightningcss-win32-arm64-msvc@1.29.2 OK for: lightningcss@1.29.2 want: 1.29.2
167 silly placeDep ROOT lightningcss-win32-x64-msvc@1.29.2 OK for: lightningcss@1.29.2 want: 1.29.2
168 timing idealTree:node_modules/lightningcss Completed in 7ms
169 timing idealTree:node_modules/lightningcss-darwin-arm64 Completed in 0ms
170 timing idealTree:node_modules/lightningcss-darwin-x64 Completed in 0ms
171 timing idealTree:node_modules/lightningcss-freebsd-x64 Completed in 0ms
172 timing idealTree:node_modules/lightningcss-linux-arm-gnueabihf Completed in 0ms
173 timing idealTree:node_modules/lightningcss-linux-arm64-gnu Completed in 0ms
174 timing idealTree:node_modules/lightningcss-linux-arm64-musl Completed in 0ms
175 timing idealTree:node_modules/lightningcss-linux-x64-gnu Completed in 0ms
176 timing idealTree:node_modules/lightningcss-linux-x64-musl Completed in 0ms
177 timing idealTree:node_modules/lightningcss-win32-arm64-msvc Completed in 0ms
178 timing idealTree:node_modules/lightningcss-win32-x64-msvc Completed in 0ms
179 timing idealTree:node_modules/tapable Completed in 0ms
180 silly placeDep ROOT @isaacs/fs-minipass@4.0.1 OK for: tar@7.4.3 want: ^4.0.0
181 silly placeDep ROOT chownr@3.0.0 OK for: tar@7.4.3 want: ^3.0.0
182 silly placeDep ROOT minipass@7.1.2 OK for: tar@7.4.3 want: ^7.1.2
183 silly placeDep ROOT minizlib@3.0.2 OK for: tar@7.4.3 want: ^3.0.1
184 silly placeDep ROOT mkdirp@3.0.1 OK for: tar@7.4.3 want: ^3.0.1
185 silly placeDep node_modules/tar yallist@5.0.0 OK for: tar@7.4.3 want: ^5.0.0
186 timing idealTree:node_modules/tar Completed in 7ms
187 timing idealTree:node_modules/@isaacs/fs-minipass Completed in 0ms
188 timing idealTree:node_modules/chownr Completed in 0ms
189 timing idealTree:node_modules/minipass Completed in 0ms
190 timing idealTree:node_modules/minizlib Completed in 0ms
191 timing idealTree:node_modules/mkdirp Completed in 0ms
192 timing idealTree:node_modules/tar/node_modules/yallist Completed in 0ms
193 timing idealTree:buildDeps Completed in 1716ms
194 timing idealTree:fixDepFlags Completed in 1ms
195 timing idealTree Completed in 1900ms
196 timing reify:loadTrees Completed in 1902ms
197 timing reify:diffTrees Completed in 5ms
198 silly reify moves {}
199 timing reify:retireShallow Completed in 1ms
200 timing reify:createSparse Completed in 10ms
201 verbose reify failed optional dependency /home/admin/dashboard/admin-dashboard/node_modules/@tailwindcss/oxide-wasm32-wasi
202 silly reify mark deleted [
202 silly reify   '/home/admin/dashboard/admin-dashboard/node_modules/@tailwindcss/oxide-wasm32-wasi'
202 silly reify ]
203 timing reifyNode:node_modules/@tailwindcss/oxide-wasm32-wasi Completed in 3ms
204 timing arborist:ctor Completed in 0ms
205 timing reify:diffTrees Completed in 3ms
206 timing reify:loadBundles Completed in 9ms
207 silly audit bulk request {
207 silly audit   '@ampproject/remapping': [ '2.3.0' ],
207 silly audit   '@antfu/utils': [ '0.7.10' ],
207 silly audit   '@babel/code-frame': [ '7.27.1' ],
207 silly audit   '@babel/compat-data': [ '7.27.2' ],
207 silly audit   '@babel/core': [ '7.27.1' ],
207 silly audit   '@babel/generator': [ '7.27.1' ],
207 silly audit   '@babel/helper-annotate-as-pure': [ '7.27.1' ],
207 silly audit   '@babel/helper-compilation-targets': [ '7.27.2' ],
207 silly audit   '@babel/helper-create-class-features-plugin': [ '7.27.1' ],
207 silly audit   '@babel/helper-member-expression-to-functions': [ '7.27.1' ],
207 silly audit   '@babel/helper-module-imports': [ '7.27.1' ],
207 silly audit   '@babel/helper-module-transforms': [ '7.27.1' ],
207 silly audit   '@babel/helper-optimise-call-expression': [ '7.27.1' ],
207 silly audit   '@babel/helper-plugin-utils': [ '7.27.1' ],
207 silly audit   '@babel/helper-replace-supers': [ '7.27.1' ],
207 silly audit   '@babel/helper-skip-transparent-expression-wrappers': [ '7.27.1' ],
207 silly audit   '@babel/helper-string-parser': [ '7.27.1' ],
207 silly audit   '@babel/helper-validator-identifier': [ '7.27.1' ],
207 silly audit   '@babel/helper-validator-option': [ '7.27.1' ],
207 silly audit   '@babel/helpers': [ '7.27.1' ],
207 silly audit   '@babel/parser': [ '7.27.2' ],
207 silly audit   '@babel/plugin-proposal-decorators': [ '7.27.1' ],
207 silly audit   '@babel/plugin-syntax-decorators': [ '7.27.1' ],
207 silly audit   '@babel/plugin-syntax-import-attributes': [ '7.27.1' ],
207 silly audit   '@babel/plugin-syntax-import-meta': [ '7.10.4' ],
207 silly audit   '@babel/plugin-syntax-jsx': [ '7.27.1' ],
207 silly audit   '@babel/plugin-syntax-typescript': [ '7.27.1' ],
207 silly audit   '@babel/plugin-transform-typescript': [ '7.27.1' ],
207 silly audit   '@babel/template': [ '7.27.2' ],
207 silly audit   '@babel/traverse': [ '7.27.1' ],
207 silly audit   '@babel/types': [ '7.27.1' ],
207 silly audit   '@esbuild/aix-ppc64': [ '0.25.4' ],
207 silly audit   '@esbuild/android-arm': [ '0.25.4' ],
207 silly audit   '@esbuild/android-arm64': [ '0.25.4' ],
207 silly audit   '@esbuild/android-x64': [ '0.25.4' ],
207 silly audit   '@esbuild/darwin-arm64': [ '0.25.4' ],
207 silly audit   '@esbuild/darwin-x64': [ '0.25.4' ],
207 silly audit   '@esbuild/freebsd-arm64': [ '0.25.4' ],
207 silly audit   '@esbuild/freebsd-x64': [ '0.25.4' ],
207 silly audit   '@esbuild/linux-arm': [ '0.25.4' ],
207 silly audit   '@esbuild/linux-arm64': [ '0.25.4' ],
207 silly audit   '@esbuild/linux-ia32': [ '0.25.4' ],
207 silly audit   '@esbuild/linux-loong64': [ '0.25.4' ],
207 silly audit   '@esbuild/linux-mips64el': [ '0.25.4' ],
207 silly audit   '@esbuild/linux-ppc64': [ '0.25.4' ],
207 silly audit   '@esbuild/linux-riscv64': [ '0.25.4' ],
207 silly audit   '@esbuild/linux-s390x': [ '0.25.4' ],
207 silly audit   '@esbuild/linux-x64': [ '0.25.4' ],
207 silly audit   '@esbuild/netbsd-arm64': [ '0.25.4' ],
207 silly audit   '@esbuild/netbsd-x64': [ '0.25.4' ],
207 silly audit   '@esbuild/openbsd-arm64': [ '0.25.4' ],
207 silly audit   '@esbuild/openbsd-x64': [ '0.25.4' ],
207 silly audit   '@esbuild/sunos-x64': [ '0.25.4' ],
207 silly audit   '@esbuild/win32-arm64': [ '0.25.4' ],
207 silly audit   '@esbuild/win32-ia32': [ '0.25.4' ],
207 silly audit   '@esbuild/win32-x64': [ '0.25.4' ],
207 silly audit   '@jridgewell/gen-mapping': [ '0.3.8' ],
207 silly audit   '@jridgewell/resolve-uri': [ '3.1.2' ],
207 silly audit   '@jridgewell/set-array': [ '1.2.1' ],
207 silly audit   '@jridgewell/sourcemap-codec': [ '1.5.0' ],
207 silly audit   '@jridgewell/trace-mapping': [ '0.3.25' ],
207 silly audit   '@polka/url': [ '1.0.0-next.29' ],
207 silly audit   '@rollup/pluginutils': [ '5.1.4' ],
207 silly audit   '@rollup/rollup-android-arm-eabi': [ '4.40.2' ],
207 silly audit   '@rollup/rollup-android-arm64': [ '4.40.2' ],
207 silly audit   '@rollup/rollup-darwin-arm64': [ '4.40.2' ],
207 silly audit   '@rollup/rollup-darwin-x64': [ '4.40.2' ],
207 silly audit   '@rollup/rollup-freebsd-arm64': [ '4.40.2' ],
207 silly audit   '@rollup/rollup-freebsd-x64': [ '4.40.2' ],
207 silly audit   '@rollup/rollup-linux-arm-gnueabihf': [ '4.40.2' ],
207 silly audit   '@rollup/rollup-linux-arm-musleabihf': [ '4.40.2' ],
207 silly audit   '@rollup/rollup-linux-arm64-gnu': [ '4.40.2' ],
207 silly audit   '@rollup/rollup-linux-arm64-musl': [ '4.40.2' ],
207 silly audit   '@rollup/rollup-linux-loongarch64-gnu': [ '4.40.2' ],
207 silly audit   '@rollup/rollup-linux-powerpc64le-gnu': [ '4.40.2' ],
207 silly audit   '@rollup/rollup-linux-riscv64-gnu': [ '4.40.2' ],
207 silly audit   '@rollup/rollup-linux-riscv64-musl': [ '4.40.2' ],
207 silly audit   '@rollup/rollup-linux-s390x-gnu': [ '4.40.2' ],
207 silly audit   '@rollup/rollup-linux-x64-gnu': [ '4.40.2' ],
207 silly audit   '@rollup/rollup-linux-x64-musl': [ '4.40.2' ],
207 silly audit   '@rollup/rollup-win32-arm64-msvc': [ '4.40.2' ],
207 silly audit   '@rollup/rollup-win32-ia32-msvc': [ '4.40.2' ],
207 silly audit   '@rollup/rollup-win32-x64-msvc': [ '4.40.2' ],
207 silly audit   '@sec-ant/readable-stream': [ '0.4.1' ],
207 silly audit   '@sindresorhus/merge-streams': [ '4.0.0' ],
207 silly audit   '@types/estree': [ '1.0.7' ],
207 silly audit   '@vitejs/plugin-vue': [ '5.2.4' ],
207 silly audit   '@vue/babel-helper-vue-transform-on': [ '1.4.0' ],
207 silly audit   '@vue/babel-plugin-jsx': [ '1.4.0' ],
207 silly audit   '@vue/babel-plugin-resolve-type': [ '1.4.0' ],
207 silly audit   '@vue/compiler-core': [ '3.5.14' ],
207 silly audit   '@vue/compiler-dom': [ '3.5.14' ],
207 silly audit   '@vue/compiler-sfc': [ '3.5.14' ],
207 silly audit   '@vue/compiler-ssr': [ '3.5.14' ],
207 silly audit   '@vue/devtools-core': [ '7.7.6' ],
207 silly audit   nanoid: [ '5.1.5', '3.3.11' ],
207 silly audit   '@vue/devtools-kit': [ '7.7.6' ],
207 silly audit   '@vue/devtools-shared': [ '7.7.6' ],
207 silly audit   '@vue/reactivity': [ '3.5.14' ],
207 silly audit   '@vue/runtime-core': [ '3.5.14' ],
207 silly audit   '@vue/runtime-dom': [ '3.5.14' ],
207 silly audit   '@vue/server-renderer': [ '3.5.14' ],
207 silly audit   '@vue/shared': [ '3.5.14' ],
207 silly audit   autoprefixer: [ '10.4.21' ],
207 silly audit   birpc: [ '2.3.0' ],
207 silly audit   browserslist: [ '4.24.5' ],
207 silly audit   'bundle-name': [ '4.1.0' ],
207 silly audit   'caniuse-lite': [ '1.0.30001718' ],
207 silly audit   'convert-source-map': [ '2.0.0' ],
207 silly audit   'copy-anything': [ '3.0.5' ],
207 silly audit   'cross-spawn': [ '7.0.6' ],
207 silly audit   csstype: [ '3.1.3' ],
207 silly audit   debug: [ '4.4.1' ],
207 silly audit   'default-browser': [ '5.2.1' ],
207 silly audit   'default-browser-id': [ '5.0.0' ],
207 silly audit   'define-lazy-prop': [ '3.0.0' ],
207 silly audit   'electron-to-chromium': [ '1.5.154' ],
207 silly audit   entities: [ '4.5.0' ],
207 silly audit   'error-stack-parser-es': [ '0.1.5' ],
207 silly audit   esbuild: [ '0.25.4' ],
207 silly audit   escalade: [ '3.2.0' ],
207 silly audit   'estree-walker': [ '2.0.2' ],
207 silly audit   execa: [ '9.5.3' ],
207 silly audit   fdir: [ '6.4.4' ],
207 silly audit   figures: [ '6.1.0' ],
207 silly audit   'fraction.js': [ '4.3.7' ],
207 silly audit   'fs-extra': [ '11.3.0' ],
207 silly audit   fsevents: [ '2.3.3' ],
207 silly audit   gensync: [ '1.0.0-beta.2' ],
207 silly audit   'get-stream': [ '9.0.1' ],
207 silly audit   globals: [ '11.12.0' ],
207 silly audit   'graceful-fs': [ '4.2.11' ],
207 silly audit   hookable: [ '5.5.3' ],
207 silly audit   'human-signals': [ '8.0.1' ],
207 silly audit   'is-docker': [ '3.0.0' ],
207 silly audit   'is-inside-container': [ '1.0.0' ],
207 silly audit   'is-plain-obj': [ '4.1.0' ],
207 silly audit   'is-stream': [ '4.0.1' ],
207 silly audit   'is-unicode-supported': [ '2.1.0' ],
207 silly audit   'is-what': [ '4.1.16' ],
207 silly audit   'is-wsl': [ '3.1.0' ],
207 silly audit   isexe: [ '2.0.0' ],
207 silly audit   'js-tokens': [ '4.0.0' ],
207 silly audit   jsesc: [ '3.1.0' ],
207 silly audit   json5: [ '2.2.3' ],
207 silly audit   jsonfile: [ '6.1.0' ],
207 silly audit   kolorist: [ '1.8.0' ],
207 silly audit   'lru-cache': [ '5.1.1' ],
207 silly audit   'magic-string': [ '0.30.17' ],
207 silly audit   mitt: [ '3.0.1' ],
207 silly audit   mrmime: [ '2.0.1' ],
207 silly audit   ms: [ '2.1.3' ],
207 silly audit   'node-releases': [ '2.0.19' ],
207 silly audit   'normalize-range': [ '0.1.2' ],
207 silly audit   'npm-run-path': [ '6.0.0' ],
207 silly audit   'path-key': [ '4.0.0', '3.1.1' ],
207 silly audit   open: [ '10.1.2' ],
207 silly audit   'parse-ms': [ '4.0.0' ],
207 silly audit   pathe: [ '2.0.3' ],
207 silly audit   'perfect-debounce': [ '1.0.0' ],
207 silly audit   picocolors: [ '1.1.1' ],
207 silly audit   picomatch: [ '4.0.2' ],
207 silly audit   postcss: [ '8.5.3' ],
207 silly audit   'postcss-value-parser': [ '4.2.0' ],
207 silly audit   'pretty-ms': [ '9.2.0' ],
207 silly audit   rfdc: [ '1.4.1' ],
207 silly audit   rollup: [ '4.40.2' ],
207 silly audit   'run-applescript': [ '7.0.0' ],
207 silly audit   semver: [ '6.3.1' ],
207 silly audit   'shebang-command': [ '2.0.0' ],
207 silly audit   'shebang-regex': [ '3.0.0' ],
207 silly audit   'signal-exit': [ '4.1.0' ],
207 silly audit   sirv: [ '3.0.1' ],
207 silly audit   'source-map-js': [ '1.2.1' ],
207 silly audit   speakingurl: [ '14.0.1' ],
207 silly audit   'strip-final-newline': [ '4.0.0' ],
207 silly audit   superjson: [ '2.2.2' ],
207 silly audit   tailwindcss: [ '4.1.6' ],
207 silly audit   tinyglobby: [ '0.2.13' ],
207 silly audit   totalist: [ '3.0.1' ],
207 silly audit   'unicorn-magic': [ '0.3.0' ],
207 silly audit   universalify: [ '2.0.1' ],
207 silly audit   'update-browserslist-db': [ '1.1.3' ],
207 silly audit   vite: [ '6.3.5' ],
207 silly audit   'vite-hot-client': [ '2.0.4' ],
207 silly audit   'vite-plugin-inspect': [ '0.8.9' ],
207 silly audit   'vite-plugin-vue-devtools': [ '7.7.6' ],
207 silly audit   'vite-plugin-vue-inspector': [ '5.3.1' ],
207 silly audit   vue: [ '3.5.14' ],
207 silly audit   which: [ '2.0.2' ],
207 silly audit   yallist: [ '3.1.1', '5.0.0' ],
207 silly audit   yoctocolors: [ '2.1.1' ],
207 silly audit   '@tailwindcss/postcss': [ '4.1.6' ],
207 silly audit   '@alloc/quick-lru': [ '5.2.0' ],
207 silly audit   '@tailwindcss/node': [ '4.1.6' ],
207 silly audit   '@tailwindcss/oxide': [ '4.1.6' ],
207 silly audit   'enhanced-resolve': [ '5.18.1' ],
207 silly audit   jiti: [ '2.4.2' ],
207 silly audit   lightningcss: [ '1.29.2' ],
207 silly audit   '@tailwindcss/oxide-android-arm64': [ '4.1.6' ],
207 silly audit   '@tailwindcss/oxide-darwin-arm64': [ '4.1.6' ],
207 silly audit   '@tailwindcss/oxide-darwin-x64': [ '4.1.6' ],
207 silly audit   '@tailwindcss/oxide-freebsd-x64': [ '4.1.6' ],
207 silly audit   '@tailwindcss/oxide-linux-arm-gnueabihf': [ '4.1.6' ],
207 silly audit   '@tailwindcss/oxide-linux-arm64-gnu': [ '4.1.6' ],
207 silly audit   '@tailwindcss/oxide-linux-arm64-musl': [ '4.1.6' ],
207 silly audit   '@tailwindcss/oxide-linux-x64-gnu': [ '4.1.6' ],
207 silly audit   '@tailwindcss/oxide-linux-x64-musl': [ '4.1.6' ],
207 silly audit   '@tailwindcss/oxide-win32-arm64-msvc': [ '4.1.6' ],
207 silly audit   '@tailwindcss/oxide-win32-x64-msvc': [ '4.1.6' ],
207 silly audit   'detect-libc': [ '2.0.4' ],
207 silly audit   tar: [ '7.4.3' ],
207 silly audit   tapable: [ '2.2.1' ],
207 silly audit   'lightningcss-darwin-arm64': [ '1.29.2' ],
207 silly audit   'lightningcss-darwin-x64': [ '1.29.2' ],
207 silly audit   'lightningcss-freebsd-x64': [ '1.29.2' ],
207 silly audit   'lightningcss-linux-arm-gnueabihf': [ '1.29.2' ],
207 silly audit   'lightningcss-linux-arm64-gnu': [ '1.29.2' ],
207 silly audit   'lightningcss-linux-arm64-musl': [ '1.29.2' ],
207 silly audit   'lightningcss-linux-x64-gnu': [ '1.29.2' ],
207 silly audit   'lightningcss-linux-x64-musl': [ '1.29.2' ],
207 silly audit   'lightningcss-win32-arm64-msvc': [ '1.29.2' ],
207 silly audit   'lightningcss-win32-x64-msvc': [ '1.29.2' ],
207 silly audit   '@isaacs/fs-minipass': [ '4.0.1' ],
207 silly audit   chownr: [ '3.0.0' ],
207 silly audit   minipass: [ '7.1.2' ],
207 silly audit   minizlib: [ '3.0.2' ],
207 silly audit   mkdirp: [ '3.0.1' ],
207 silly audit   '@tailwindcss/oxide-wasm32-wasi': [ '4.1.6' ]
207 silly audit }
208 verbose reify failed optional dependency /home/admin/dashboard/admin-dashboard/node_modules/lightningcss-win32-x64-msvc
209 silly reify mark deleted [
209 silly reify   '/home/admin/dashboard/admin-dashboard/node_modules/lightningcss-win32-x64-msvc'
209 silly reify ]
210 verbose reify failed optional dependency /home/admin/dashboard/admin-dashboard/node_modules/lightningcss-win32-arm64-msvc
211 silly reify mark deleted [
211 silly reify   '/home/admin/dashboard/admin-dashboard/node_modules/lightningcss-win32-arm64-msvc'
211 silly reify ]
212 verbose reify failed optional dependency /home/admin/dashboard/admin-dashboard/node_modules/lightningcss-linux-arm64-musl
213 silly reify mark deleted [
213 silly reify   '/home/admin/dashboard/admin-dashboard/node_modules/lightningcss-linux-arm64-musl'
213 silly reify ]
214 verbose reify failed optional dependency /home/admin/dashboard/admin-dashboard/node_modules/lightningcss-linux-arm64-gnu
215 silly reify mark deleted [
215 silly reify   '/home/admin/dashboard/admin-dashboard/node_modules/lightningcss-linux-arm64-gnu'
215 silly reify ]
216 verbose reify failed optional dependency /home/admin/dashboard/admin-dashboard/node_modules/lightningcss-linux-arm-gnueabihf
217 silly reify mark deleted [
217 silly reify   '/home/admin/dashboard/admin-dashboard/node_modules/lightningcss-linux-arm-gnueabihf'
217 silly reify ]
218 verbose reify failed optional dependency /home/admin/dashboard/admin-dashboard/node_modules/lightningcss-freebsd-x64
219 silly reify mark deleted [
219 silly reify   '/home/admin/dashboard/admin-dashboard/node_modules/lightningcss-freebsd-x64'
219 silly reify ]
220 verbose reify failed optional dependency /home/admin/dashboard/admin-dashboard/node_modules/lightningcss-darwin-x64
221 silly reify mark deleted [
221 silly reify   '/home/admin/dashboard/admin-dashboard/node_modules/lightningcss-darwin-x64'
221 silly reify ]
222 verbose reify failed optional dependency /home/admin/dashboard/admin-dashboard/node_modules/lightningcss-darwin-arm64
223 silly reify mark deleted [
223 silly reify   '/home/admin/dashboard/admin-dashboard/node_modules/lightningcss-darwin-arm64'
223 silly reify ]
224 verbose reify failed optional dependency /home/admin/dashboard/admin-dashboard/node_modules/@tailwindcss/oxide-win32-x64-msvc
225 silly reify mark deleted [
225 silly reify   '/home/admin/dashboard/admin-dashboard/node_modules/@tailwindcss/oxide-win32-x64-msvc'
225 silly reify ]
226 verbose reify failed optional dependency /home/admin/dashboard/admin-dashboard/node_modules/@tailwindcss/oxide-win32-arm64-msvc
227 silly reify mark deleted [
227 silly reify   '/home/admin/dashboard/admin-dashboard/node_modules/@tailwindcss/oxide-win32-arm64-msvc'
227 silly reify ]
228 verbose reify failed optional dependency /home/admin/dashboard/admin-dashboard/node_modules/@tailwindcss/oxide-linux-arm64-musl
229 silly reify mark deleted [
229 silly reify   '/home/admin/dashboard/admin-dashboard/node_modules/@tailwindcss/oxide-linux-arm64-musl'
229 silly reify ]
230 verbose reify failed optional dependency /home/admin/dashboard/admin-dashboard/node_modules/@tailwindcss/oxide-linux-arm64-gnu
231 silly reify mark deleted [
231 silly reify   '/home/admin/dashboard/admin-dashboard/node_modules/@tailwindcss/oxide-linux-arm64-gnu'
231 silly reify ]
232 verbose reify failed optional dependency /home/admin/dashboard/admin-dashboard/node_modules/@tailwindcss/oxide-linux-arm-gnueabihf
233 silly reify mark deleted [
233 silly reify   '/home/admin/dashboard/admin-dashboard/node_modules/@tailwindcss/oxide-linux-arm-gnueabihf'
233 silly reify ]
234 verbose reify failed optional dependency /home/admin/dashboard/admin-dashboard/node_modules/@tailwindcss/oxide-freebsd-x64
235 silly reify mark deleted [
235 silly reify   '/home/admin/dashboard/admin-dashboard/node_modules/@tailwindcss/oxide-freebsd-x64'
235 silly reify ]
236 verbose reify failed optional dependency /home/admin/dashboard/admin-dashboard/node_modules/@tailwindcss/oxide-darwin-x64
237 silly reify mark deleted [
237 silly reify   '/home/admin/dashboard/admin-dashboard/node_modules/@tailwindcss/oxide-darwin-x64'
237 silly reify ]
238 verbose reify failed optional dependency /home/admin/dashboard/admin-dashboard/node_modules/@tailwindcss/oxide-darwin-arm64
239 silly reify mark deleted [
239 silly reify   '/home/admin/dashboard/admin-dashboard/node_modules/@tailwindcss/oxide-darwin-arm64'
239 silly reify ]
240 verbose reify failed optional dependency /home/admin/dashboard/admin-dashboard/node_modules/@tailwindcss/oxide-android-arm64
241 silly reify mark deleted [
241 silly reify   '/home/admin/dashboard/admin-dashboard/node_modules/@tailwindcss/oxide-android-arm64'
241 silly reify ]
242 verbose reify failed optional dependency /home/admin/dashboard/admin-dashboard/node_modules/fsevents
243 silly reify mark deleted [ '/home/admin/dashboard/admin-dashboard/node_modules/fsevents' ]
244 verbose reify failed optional dependency /home/admin/dashboard/admin-dashboard/node_modules/@rollup/rollup-win32-x64-msvc
245 silly reify mark deleted [
245 silly reify   '/home/admin/dashboard/admin-dashboard/node_modules/@rollup/rollup-win32-x64-msvc'
245 silly reify ]
246 verbose reify failed optional dependency /home/admin/dashboard/admin-dashboard/node_modules/@rollup/rollup-win32-ia32-msvc
247 silly reify mark deleted [
247 silly reify   '/home/admin/dashboard/admin-dashboard/node_modules/@rollup/rollup-win32-ia32-msvc'
247 silly reify ]
248 verbose reify failed optional dependency /home/admin/dashboard/admin-dashboard/node_modules/@rollup/rollup-win32-arm64-msvc
249 silly reify mark deleted [
249 silly reify   '/home/admin/dashboard/admin-dashboard/node_modules/@rollup/rollup-win32-arm64-msvc'
249 silly reify ]
250 verbose reify failed optional dependency /home/admin/dashboard/admin-dashboard/node_modules/@rollup/rollup-linux-s390x-gnu
251 silly reify mark deleted [
251 silly reify   '/home/admin/dashboard/admin-dashboard/node_modules/@rollup/rollup-linux-s390x-gnu'
251 silly reify ]
252 verbose reify failed optional dependency /home/admin/dashboard/admin-dashboard/node_modules/@rollup/rollup-linux-riscv64-musl
253 silly reify mark deleted [
253 silly reify   '/home/admin/dashboard/admin-dashboard/node_modules/@rollup/rollup-linux-riscv64-musl'
253 silly reify ]
254 verbose reify failed optional dependency /home/admin/dashboard/admin-dashboard/node_modules/@rollup/rollup-linux-riscv64-gnu
255 silly reify mark deleted [
255 silly reify   '/home/admin/dashboard/admin-dashboard/node_modules/@rollup/rollup-linux-riscv64-gnu'
255 silly reify ]
256 verbose reify failed optional dependency /home/admin/dashboard/admin-dashboard/node_modules/@rollup/rollup-linux-powerpc64le-gnu
257 silly reify mark deleted [
257 silly reify   '/home/admin/dashboard/admin-dashboard/node_modules/@rollup/rollup-linux-powerpc64le-gnu'
257 silly reify ]
258 verbose reify failed optional dependency /home/admin/dashboard/admin-dashboard/node_modules/@rollup/rollup-linux-loongarch64-gnu
259 silly reify mark deleted [
259 silly reify   '/home/admin/dashboard/admin-dashboard/node_modules/@rollup/rollup-linux-loongarch64-gnu'
259 silly reify ]
260 verbose reify failed optional dependency /home/admin/dashboard/admin-dashboard/node_modules/@rollup/rollup-linux-arm64-musl
261 silly reify mark deleted [
261 silly reify   '/home/admin/dashboard/admin-dashboard/node_modules/@rollup/rollup-linux-arm64-musl'
261 silly reify ]
262 verbose reify failed optional dependency /home/admin/dashboard/admin-dashboard/node_modules/@rollup/rollup-linux-arm64-gnu
263 silly reify mark deleted [
263 silly reify   '/home/admin/dashboard/admin-dashboard/node_modules/@rollup/rollup-linux-arm64-gnu'
263 silly reify ]
264 verbose reify failed optional dependency /home/admin/dashboard/admin-dashboard/node_modules/@rollup/rollup-linux-arm-musleabihf
265 silly reify mark deleted [
265 silly reify   '/home/admin/dashboard/admin-dashboard/node_modules/@rollup/rollup-linux-arm-musleabihf'
265 silly reify ]
266 verbose reify failed optional dependency /home/admin/dashboard/admin-dashboard/node_modules/@rollup/rollup-linux-arm-gnueabihf
267 silly reify mark deleted [
267 silly reify   '/home/admin/dashboard/admin-dashboard/node_modules/@rollup/rollup-linux-arm-gnueabihf'
267 silly reify ]
268 verbose reify failed optional dependency /home/admin/dashboard/admin-dashboard/node_modules/@rollup/rollup-freebsd-x64
269 silly reify mark deleted [
269 silly reify   '/home/admin/dashboard/admin-dashboard/node_modules/@rollup/rollup-freebsd-x64'
269 silly reify ]
270 verbose reify failed optional dependency /home/admin/dashboard/admin-dashboard/node_modules/@rollup/rollup-freebsd-arm64
271 silly reify mark deleted [
271 silly reify   '/home/admin/dashboard/admin-dashboard/node_modules/@rollup/rollup-freebsd-arm64'
271 silly reify ]
272 verbose reify failed optional dependency /home/admin/dashboard/admin-dashboard/node_modules/@rollup/rollup-darwin-x64
273 silly reify mark deleted [
273 silly reify   '/home/admin/dashboard/admin-dashboard/node_modules/@rollup/rollup-darwin-x64'
273 silly reify ]
274 verbose reify failed optional dependency /home/admin/dashboard/admin-dashboard/node_modules/@rollup/rollup-darwin-arm64
275 silly reify mark deleted [
275 silly reify   '/home/admin/dashboard/admin-dashboard/node_modules/@rollup/rollup-darwin-arm64'
275 silly reify ]
276 verbose reify failed optional dependency /home/admin/dashboard/admin-dashboard/node_modules/@rollup/rollup-android-arm64
277 silly reify mark deleted [
277 silly reify   '/home/admin/dashboard/admin-dashboard/node_modules/@rollup/rollup-android-arm64'
277 silly reify ]
278 verbose reify failed optional dependency /home/admin/dashboard/admin-dashboard/node_modules/@rollup/rollup-android-arm-eabi
279 silly reify mark deleted [
279 silly reify   '/home/admin/dashboard/admin-dashboard/node_modules/@rollup/rollup-android-arm-eabi'
279 silly reify ]
280 verbose reify failed optional dependency /home/admin/dashboard/admin-dashboard/node_modules/@esbuild/win32-x64
281 silly reify mark deleted [
281 silly reify   '/home/admin/dashboard/admin-dashboard/node_modules/@esbuild/win32-x64'
281 silly reify ]
282 verbose reify failed optional dependency /home/admin/dashboard/admin-dashboard/node_modules/@esbuild/win32-ia32
283 silly reify mark deleted [
283 silly reify   '/home/admin/dashboard/admin-dashboard/node_modules/@esbuild/win32-ia32'
283 silly reify ]
284 verbose reify failed optional dependency /home/admin/dashboard/admin-dashboard/node_modules/@esbuild/win32-arm64
285 silly reify mark deleted [
285 silly reify   '/home/admin/dashboard/admin-dashboard/node_modules/@esbuild/win32-arm64'
285 silly reify ]
286 verbose reify failed optional dependency /home/admin/dashboard/admin-dashboard/node_modules/@esbuild/sunos-x64
287 silly reify mark deleted [
287 silly reify   '/home/admin/dashboard/admin-dashboard/node_modules/@esbuild/sunos-x64'
287 silly reify ]
288 verbose reify failed optional dependency /home/admin/dashboard/admin-dashboard/node_modules/@esbuild/openbsd-x64
289 silly reify mark deleted [
289 silly reify   '/home/admin/dashboard/admin-dashboard/node_modules/@esbuild/openbsd-x64'
289 silly reify ]
290 verbose reify failed optional dependency /home/admin/dashboard/admin-dashboard/node_modules/@esbuild/openbsd-arm64
291 silly reify mark deleted [
291 silly reify   '/home/admin/dashboard/admin-dashboard/node_modules/@esbuild/openbsd-arm64'
291 silly reify ]
292 verbose reify failed optional dependency /home/admin/dashboard/admin-dashboard/node_modules/@esbuild/netbsd-x64
293 silly reify mark deleted [
293 silly reify   '/home/admin/dashboard/admin-dashboard/node_modules/@esbuild/netbsd-x64'
293 silly reify ]
294 verbose reify failed optional dependency /home/admin/dashboard/admin-dashboard/node_modules/@esbuild/netbsd-arm64
295 silly reify mark deleted [
295 silly reify   '/home/admin/dashboard/admin-dashboard/node_modules/@esbuild/netbsd-arm64'
295 silly reify ]
296 verbose reify failed optional dependency /home/admin/dashboard/admin-dashboard/node_modules/@esbuild/linux-s390x
297 silly reify mark deleted [
297 silly reify   '/home/admin/dashboard/admin-dashboard/node_modules/@esbuild/linux-s390x'
297 silly reify ]
298 verbose reify failed optional dependency /home/admin/dashboard/admin-dashboard/node_modules/@esbuild/linux-riscv64
299 silly reify mark deleted [
299 silly reify   '/home/admin/dashboard/admin-dashboard/node_modules/@esbuild/linux-riscv64'
299 silly reify ]
300 verbose reify failed optional dependency /home/admin/dashboard/admin-dashboard/node_modules/@esbuild/linux-ppc64
301 silly reify mark deleted [
301 silly reify   '/home/admin/dashboard/admin-dashboard/node_modules/@esbuild/linux-ppc64'
301 silly reify ]
302 verbose reify failed optional dependency /home/admin/dashboard/admin-dashboard/node_modules/@esbuild/linux-mips64el
303 silly reify mark deleted [
303 silly reify   '/home/admin/dashboard/admin-dashboard/node_modules/@esbuild/linux-mips64el'
303 silly reify ]
304 verbose reify failed optional dependency /home/admin/dashboard/admin-dashboard/node_modules/@esbuild/linux-loong64
305 silly reify mark deleted [
305 silly reify   '/home/admin/dashboard/admin-dashboard/node_modules/@esbuild/linux-loong64'
305 silly reify ]
306 verbose reify failed optional dependency /home/admin/dashboard/admin-dashboard/node_modules/@esbuild/linux-ia32
307 silly reify mark deleted [
307 silly reify   '/home/admin/dashboard/admin-dashboard/node_modules/@esbuild/linux-ia32'
307 silly reify ]
308 verbose reify failed optional dependency /home/admin/dashboard/admin-dashboard/node_modules/@esbuild/linux-arm64
309 silly reify mark deleted [
309 silly reify   '/home/admin/dashboard/admin-dashboard/node_modules/@esbuild/linux-arm64'
309 silly reify ]
310 verbose reify failed optional dependency /home/admin/dashboard/admin-dashboard/node_modules/@esbuild/linux-arm
311 silly reify mark deleted [
311 silly reify   '/home/admin/dashboard/admin-dashboard/node_modules/@esbuild/linux-arm'
311 silly reify ]
312 verbose reify failed optional dependency /home/admin/dashboard/admin-dashboard/node_modules/@esbuild/freebsd-x64
313 silly reify mark deleted [
313 silly reify   '/home/admin/dashboard/admin-dashboard/node_modules/@esbuild/freebsd-x64'
313 silly reify ]
314 verbose reify failed optional dependency /home/admin/dashboard/admin-dashboard/node_modules/@esbuild/freebsd-arm64
315 silly reify mark deleted [
315 silly reify   '/home/admin/dashboard/admin-dashboard/node_modules/@esbuild/freebsd-arm64'
315 silly reify ]
316 verbose reify failed optional dependency /home/admin/dashboard/admin-dashboard/node_modules/@esbuild/darwin-x64
317 silly reify mark deleted [
317 silly reify   '/home/admin/dashboard/admin-dashboard/node_modules/@esbuild/darwin-x64'
317 silly reify ]
318 verbose reify failed optional dependency /home/admin/dashboard/admin-dashboard/node_modules/@esbuild/darwin-arm64
319 silly reify mark deleted [
319 silly reify   '/home/admin/dashboard/admin-dashboard/node_modules/@esbuild/darwin-arm64'
319 silly reify ]
320 verbose reify failed optional dependency /home/admin/dashboard/admin-dashboard/node_modules/@esbuild/android-x64
321 silly reify mark deleted [
321 silly reify   '/home/admin/dashboard/admin-dashboard/node_modules/@esbuild/android-x64'
321 silly reify ]
322 verbose reify failed optional dependency /home/admin/dashboard/admin-dashboard/node_modules/@esbuild/android-arm64
323 silly reify mark deleted [
323 silly reify   '/home/admin/dashboard/admin-dashboard/node_modules/@esbuild/android-arm64'
323 silly reify ]
324 verbose reify failed optional dependency /home/admin/dashboard/admin-dashboard/node_modules/@esbuild/android-arm
325 silly reify mark deleted [
325 silly reify   '/home/admin/dashboard/admin-dashboard/node_modules/@esbuild/android-arm'
325 silly reify ]
326 verbose reify failed optional dependency /home/admin/dashboard/admin-dashboard/node_modules/@esbuild/aix-ppc64
327 silly reify mark deleted [
327 silly reify   '/home/admin/dashboard/admin-dashboard/node_modules/@esbuild/aix-ppc64'
327 silly reify ]
328 timing reifyNode:node_modules/lightningcss-win32-x64-msvc Completed in 16ms
329 timing reifyNode:node_modules/lightningcss-win32-arm64-msvc Completed in 16ms
330 timing reifyNode:node_modules/lightningcss-linux-arm64-musl Completed in 16ms
331 timing reifyNode:node_modules/lightningcss-linux-arm64-gnu Completed in 17ms
332 timing reifyNode:node_modules/lightningcss-linux-arm-gnueabihf Completed in 17ms
333 timing reifyNode:node_modules/lightningcss-freebsd-x64 Completed in 17ms
334 timing reifyNode:node_modules/lightningcss-darwin-x64 Completed in 16ms
335 timing reifyNode:node_modules/lightningcss-darwin-arm64 Completed in 16ms
336 timing reifyNode:node_modules/@tailwindcss/oxide-win32-x64-msvc Completed in 16ms
337 timing reifyNode:node_modules/@tailwindcss/oxide-win32-arm64-msvc Completed in 16ms
338 timing reifyNode:node_modules/@tailwindcss/oxide-linux-arm64-musl Completed in 16ms
339 timing reifyNode:node_modules/@tailwindcss/oxide-linux-arm64-gnu Completed in 16ms
340 timing reifyNode:node_modules/@tailwindcss/oxide-linux-arm-gnueabihf Completed in 16ms
341 timing reifyNode:node_modules/@tailwindcss/oxide-freebsd-x64 Completed in 16ms
342 timing reifyNode:node_modules/@tailwindcss/oxide-darwin-x64 Completed in 16ms
343 timing reifyNode:node_modules/@tailwindcss/oxide-darwin-arm64 Completed in 16ms
344 timing reifyNode:node_modules/@tailwindcss/oxide-android-arm64 Completed in 16ms
345 timing reifyNode:node_modules/fsevents Completed in 15ms
346 timing reifyNode:node_modules/@rollup/rollup-win32-x64-msvc Completed in 15ms
347 timing reifyNode:node_modules/@rollup/rollup-win32-ia32-msvc Completed in 15ms
348 timing reifyNode:node_modules/@rollup/rollup-win32-arm64-msvc Completed in 15ms
349 timing reifyNode:node_modules/@rollup/rollup-linux-s390x-gnu Completed in 15ms
350 timing reifyNode:node_modules/@rollup/rollup-linux-riscv64-musl Completed in 15ms
351 timing reifyNode:node_modules/@rollup/rollup-linux-riscv64-gnu Completed in 15ms
352 timing reifyNode:node_modules/@rollup/rollup-linux-powerpc64le-gnu Completed in 15ms
353 timing reifyNode:node_modules/@rollup/rollup-linux-loongarch64-gnu Completed in 16ms
354 timing reifyNode:node_modules/@rollup/rollup-linux-arm64-musl Completed in 16ms
355 timing reifyNode:node_modules/@rollup/rollup-linux-arm64-gnu Completed in 16ms
356 timing reifyNode:node_modules/@rollup/rollup-linux-arm-musleabihf Completed in 16ms
357 timing reifyNode:node_modules/@rollup/rollup-linux-arm-gnueabihf Completed in 16ms
358 timing reifyNode:node_modules/@rollup/rollup-freebsd-x64 Completed in 16ms
359 timing reifyNode:node_modules/@rollup/rollup-freebsd-arm64 Completed in 16ms
360 timing reifyNode:node_modules/@rollup/rollup-darwin-x64 Completed in 15ms
361 timing reifyNode:node_modules/@rollup/rollup-darwin-arm64 Completed in 18ms
362 timing reifyNode:node_modules/@rollup/rollup-android-arm64 Completed in 18ms
363 timing reifyNode:node_modules/@rollup/rollup-android-arm-eabi Completed in 18ms
364 timing reifyNode:node_modules/@esbuild/win32-x64 Completed in 18ms
365 timing reifyNode:node_modules/@esbuild/win32-ia32 Completed in 18ms
366 timing reifyNode:node_modules/@esbuild/win32-arm64 Completed in 18ms
367 timing reifyNode:node_modules/@esbuild/sunos-x64 Completed in 18ms
368 timing reifyNode:node_modules/@esbuild/openbsd-x64 Completed in 18ms
369 timing reifyNode:node_modules/@esbuild/openbsd-arm64 Completed in 18ms
370 timing reifyNode:node_modules/@esbuild/netbsd-x64 Completed in 18ms
371 timing reifyNode:node_modules/@esbuild/netbsd-arm64 Completed in 18ms
372 timing reifyNode:node_modules/@esbuild/linux-s390x Completed in 18ms
373 timing reifyNode:node_modules/@esbuild/linux-riscv64 Completed in 18ms
374 timing reifyNode:node_modules/@esbuild/linux-ppc64 Completed in 18ms
375 timing reifyNode:node_modules/@esbuild/linux-mips64el Completed in 18ms
376 timing reifyNode:node_modules/@esbuild/linux-loong64 Completed in 19ms
377 timing reifyNode:node_modules/@esbuild/linux-ia32 Completed in 19ms
378 timing reifyNode:node_modules/@esbuild/linux-arm64 Completed in 19ms
379 timing reifyNode:node_modules/@esbuild/linux-arm Completed in 18ms
380 timing reifyNode:node_modules/@esbuild/freebsd-x64 Completed in 18ms
381 timing reifyNode:node_modules/@esbuild/freebsd-arm64 Completed in 18ms
382 timing reifyNode:node_modules/@esbuild/darwin-x64 Completed in 18ms
383 timing reifyNode:node_modules/@esbuild/darwin-arm64 Completed in 18ms
384 timing reifyNode:node_modules/@esbuild/android-x64 Completed in 18ms
385 timing reifyNode:node_modules/@esbuild/android-arm64 Completed in 18ms
386 timing reifyNode:node_modules/@esbuild/android-arm Completed in 18ms
387 timing reifyNode:node_modules/@esbuild/aix-ppc64 Completed in 18ms
388 silly tarball no local data for mkdirp@https://registry.npmjs.org/mkdirp/-/mkdirp-3.0.1.tgz. Extracting by manifest.
389 silly tarball no local data for minizlib@https://registry.npmjs.org/minizlib/-/minizlib-3.0.2.tgz. Extracting by manifest.
390 silly tarball no local data for minipass@https://registry.npmjs.org/minipass/-/minipass-7.1.2.tgz. Extracting by manifest.
391 silly tarball no local data for chownr@https://registry.npmjs.org/chownr/-/chownr-3.0.0.tgz. Extracting by manifest.
392 silly tarball no local data for @isaacs/fs-minipass@https://registry.npmjs.org/@isaacs/fs-minipass/-/fs-minipass-4.0.1.tgz. Extracting by manifest.
393 silly tarball no local data for lightningcss-linux-x64-musl@https://registry.npmjs.org/lightningcss-linux-x64-musl/-/lightningcss-linux-x64-musl-1.29.2.tgz. Extracting by manifest.
394 silly tarball no local data for lightningcss-linux-x64-gnu@https://registry.npmjs.org/lightningcss-linux-x64-gnu/-/lightningcss-linux-x64-gnu-1.29.2.tgz. Extracting by manifest.
395 silly tarball no local data for tapable@https://registry.npmjs.org/tapable/-/tapable-2.2.1.tgz. Extracting by manifest.
396 silly tarball no local data for tar@https://registry.npmjs.org/tar/-/tar-7.4.3.tgz. Extracting by manifest.
397 silly tarball no local data for detect-libc@https://registry.npmjs.org/detect-libc/-/detect-libc-2.0.4.tgz. Extracting by manifest.
398 silly tarball no local data for @tailwindcss/oxide-linux-x64-musl@https://registry.npmjs.org/@tailwindcss/oxide-linux-x64-musl/-/oxide-linux-x64-musl-4.1.6.tgz. Extracting by manifest.
399 silly tarball no local data for @tailwindcss/oxide-linux-x64-gnu@https://registry.npmjs.org/@tailwindcss/oxide-linux-x64-gnu/-/oxide-linux-x64-gnu-4.1.6.tgz. Extracting by manifest.
400 silly tarball no local data for lightningcss@https://registry.npmjs.org/lightningcss/-/lightningcss-1.29.2.tgz. Extracting by manifest.
401 silly tarball no local data for jiti@https://registry.npmjs.org/jiti/-/jiti-2.4.2.tgz. Extracting by manifest.
402 silly tarball no local data for enhanced-resolve@https://registry.npmjs.org/enhanced-resolve/-/enhanced-resolve-5.18.1.tgz. Extracting by manifest.
403 silly tarball no local data for @tailwindcss/oxide@https://registry.npmjs.org/@tailwindcss/oxide/-/oxide-4.1.6.tgz. Extracting by manifest.
404 silly tarball no local data for @tailwindcss/node@https://registry.npmjs.org/@tailwindcss/node/-/node-4.1.6.tgz. Extracting by manifest.
405 silly tarball no local data for @alloc/quick-lru@https://registry.npmjs.org/@alloc/quick-lru/-/quick-lru-5.2.0.tgz. Extracting by manifest.
406 silly tarball no local data for @tailwindcss/postcss@https://registry.npmjs.org/@tailwindcss/postcss/-/postcss-4.1.6.tgz. Extracting by manifest.
407 silly tarball no local data for yallist@https://registry.npmjs.org/yallist/-/yallist-5.0.0.tgz. Extracting by manifest.
408 http fetch GET 200 https://registry.npmjs.org/tapable/-/tapable-2.2.1.tgz 212ms (cache miss)
409 http fetch GET 200 https://registry.npmjs.org/yallist/-/yallist-5.0.0.tgz 196ms (cache miss)
410 http fetch GET 200 https://registry.npmjs.org/detect-libc/-/detect-libc-2.0.4.tgz 215ms (cache miss)
411 http fetch GET 200 https://registry.npmjs.org/@tailwindcss/oxide/-/oxide-4.1.6.tgz 211ms (cache miss)
412 http fetch GET 200 https://registry.npmjs.org/@alloc/quick-lru/-/quick-lru-5.2.0.tgz 210ms (cache miss)
413 timing reifyNode:node_modules/@alloc/quick-lru Completed in 255ms
414 timing reifyNode:node_modules/detect-libc Completed in 257ms
415 http fetch GET 200 https://registry.npmjs.org/chownr/-/chownr-3.0.0.tgz 223ms (cache miss)
416 http fetch GET 200 https://registry.npmjs.org/@isaacs/fs-minipass/-/fs-minipass-4.0.1.tgz 222ms (cache miss)
417 timing reifyNode:node_modules/@tailwindcss/oxide Completed in 258ms
418 http fetch GET 200 https://registry.npmjs.org/@tailwindcss/postcss/-/postcss-4.1.6.tgz 216ms (cache miss)
419 timing reifyNode:node_modules/@tailwindcss/postcss Completed in 267ms
420 timing reifyNode:node_modules/chownr Completed in 277ms
421 http fetch GET 200 https://registry.npmjs.org/@tailwindcss/node/-/node-4.1.6.tgz 232ms (cache miss)
422 timing reifyNode:node_modules/@tailwindcss/node Completed in 279ms
423 timing reifyNode:node_modules/@isaacs/fs-minipass Completed in 281ms
424 timing reifyNode:node_modules/tapable Completed in 283ms
425 timing reifyNode:node_modules/tar/node_modules/yallist Completed in 284ms
426 http fetch GET 200 https://registry.npmjs.org/minizlib/-/minizlib-3.0.2.tgz 268ms (cache miss)
427 timing reifyNode:node_modules/minizlib Completed in 317ms
428 http fetch POST 200 https://registry.npmjs.org/-/npm/v1/security/advisories/bulk 346ms
429 timing auditReport:getReport Completed in 351ms
430 silly audit report {}
431 timing auditReport:init Completed in 0ms
432 timing reify:audit Completed in 352ms
433 http fetch GET 200 https://registry.npmjs.org/minipass/-/minipass-7.1.2.tgz 349ms (cache miss)
434 timing reifyNode:node_modules/minipass Completed in 383ms
435 http fetch GET 200 https://registry.npmjs.org/lightningcss/-/lightningcss-1.29.2.tgz 346ms (cache miss)
436 timing reifyNode:node_modules/lightningcss Completed in 388ms
437 http fetch GET 200 https://registry.npmjs.org/enhanced-resolve/-/enhanced-resolve-5.18.1.tgz 358ms (cache miss)
438 timing reifyNode:node_modules/enhanced-resolve Completed in 405ms
439 http fetch GET 200 https://registry.npmjs.org/mkdirp/-/mkdirp-3.0.1.tgz 383ms (cache miss)
440 timing reifyNode:node_modules/mkdirp Completed in 418ms
441 http fetch GET 200 https://registry.npmjs.org/jiti/-/jiti-2.4.2.tgz 433ms (cache miss)
442 timing reifyNode:node_modules/jiti Completed in 478ms
443 http fetch GET 200 https://registry.npmjs.org/@tailwindcss/oxide-linux-x64-gnu/-/oxide-linux-x64-gnu-4.1.6.tgz 480ms (cache miss)
444 timing reifyNode:node_modules/@tailwindcss/oxide-linux-x64-gnu Completed in 523ms
445 http fetch GET 200 https://registry.npmjs.org/tar/-/tar-7.4.3.tgz 546ms (cache miss)
446 timing reifyNode:node_modules/tar Completed in 585ms
447 http fetch GET 200 https://registry.npmjs.org/lightningcss-linux-x64-musl/-/lightningcss-linux-x64-musl-1.29.2.tgz 663ms (cache miss)
448 timing reifyNode:node_modules/lightningcss-linux-x64-musl Completed in 702ms
449 http fetch GET 200 https://registry.npmjs.org/lightningcss-linux-x64-gnu/-/lightningcss-linux-x64-gnu-1.29.2.tgz 667ms (cache miss)
450 timing reifyNode:node_modules/lightningcss-linux-x64-gnu Completed in 704ms
451 http fetch GET 200 https://registry.npmjs.org/@tailwindcss/oxide-linux-x64-musl/-/oxide-linux-x64-musl-4.1.6.tgz 1215ms (cache miss)
452 timing reifyNode:node_modules/@tailwindcss/oxide-linux-x64-musl Completed in 1255ms
453 timing reify:unpack Completed in 1257ms
454 timing reify:unretire Completed in 0ms
455 timing build:queue Completed in 4ms
456 timing build:link:node_modules/jiti Completed in 2ms
457 timing build:link:node_modules/mkdirp Completed in 1ms
458 timing build:link Completed in 3ms
459 info run @tailwindcss/oxide@4.1.6 postinstall node_modules/@tailwindcss/oxide node ./scripts/install.js
460 info run @tailwindcss/oxide@4.1.6 postinstall { code: 0, signal: null }
461 timing build:run:postinstall:node_modules/@tailwindcss/oxide Completed in 178ms
462 timing build:run:postinstall Completed in 178ms
463 timing build:deps Completed in 185ms
464 timing build Completed in 186ms
465 timing reify:build Completed in 187ms
466 timing reify:trash Completed in 4ms
467 timing reify:save Completed in 66ms
468 timing reify Completed in 3493ms
469 silly ADD node_modules/mkdirp
470 silly ADD node_modules/minizlib
471 silly ADD node_modules/minipass
472 silly ADD node_modules/chownr
473 silly ADD node_modules/@isaacs/fs-minipass
474 silly ADD
475 silly ADD
476 silly ADD node_modules/lightningcss-linux-x64-musl
477 silly ADD node_modules/lightningcss-linux-x64-gnu
478 silly ADD
479 silly ADD
480 silly ADD
481 silly ADD
482 silly ADD
483 silly ADD
484 silly ADD node_modules/tapable
485 silly ADD node_modules/tar
486 silly ADD node_modules/tar/node_modules/yallist
487 silly ADD node_modules/detect-libc
488 silly ADD
489 silly ADD
490 silly ADD
491 silly ADD node_modules/@tailwindcss/oxide-linux-x64-musl
492 silly ADD node_modules/@tailwindcss/oxide-linux-x64-gnu
493 silly ADD
494 silly ADD
495 silly ADD
496 silly ADD
497 silly ADD
498 silly ADD
499 silly ADD
500 silly ADD node_modules/lightningcss
501 silly ADD node_modules/jiti
502 silly ADD node_modules/enhanced-resolve
503 silly ADD node_modules/@tailwindcss/oxide
504 silly ADD node_modules/@tailwindcss/node
505 silly ADD node_modules/@alloc/quick-lru
506 silly ADD node_modules/@tailwindcss/postcss
507 silly ADD
508 silly ADD
509 silly ADD
510 silly ADD
511 silly ADD
512 silly ADD
513 silly ADD
514 silly ADD
515 silly ADD
516 silly ADD
517 silly ADD
518 silly ADD
519 silly ADD
520 silly ADD
521 silly ADD
522 silly ADD
523 silly ADD
524 silly ADD
525 silly ADD
526 silly ADD
527 silly ADD
528 silly ADD
529 silly ADD
530 silly ADD
531 silly ADD
532 silly ADD
533 silly ADD
534 silly ADD
535 silly ADD
536 silly ADD
537 silly ADD
538 silly ADD
539 silly ADD
540 silly ADD
541 silly ADD
542 silly ADD
543 silly ADD
544 silly ADD
545 silly ADD
546 silly ADD
547 silly ADD
548 silly ADD
549 silly ADD
550 timing command:install Completed in 3504ms
551 verbose exit 0
552 timing npm Completed in 3556ms
553 info ok
