0 verbose cli /usr/bin/node /usr/bin/npm
1 info using npm@9.2.0
2 info using node@v18.19.1
3 timing npm:load:whichnode Completed in 0ms
4 timing config:load:defaults Completed in 2ms
5 timing config:load:file:/usr/share/nodejs/npm/npmrc Completed in 2ms
6 timing config:load:builtin Completed in 2ms
7 timing config:load:cli Completed in 2ms
8 timing config:load:env Completed in 0ms
9 timing config:load:file:/home/admin/dashboard/admin-dashboard/.npmrc Completed in 1ms
10 timing config:load:project Completed in 2ms
11 timing config:load:file:/home/admin/.npmrc Completed in 0ms
12 timing config:load:user Completed in 0ms
13 timing config:load:file:/etc/npmrc Completed in 0ms
14 timing config:load:global Completed in 0ms
15 timing config:load:setEnvs Completed in 1ms
16 timing config:load Completed in 9ms
17 timing npm:load:configload Completed in 9ms
18 timing npm:load:mkdirpcache Completed in 1ms
19 timing npm:load:mkdirplogs Completed in 0ms
20 verbose title npm ci
21 verbose argv "ci"
22 timing npm:load:setTitle Completed in 1ms
23 timing config:load:flatten Completed in 4ms
24 timing npm:load:display Completed in 5ms
25 verbose logfile logs-max:10 dir:/home/admin/.npm/_logs/2025-05-15T07_03_20_076Z-
26 verbose logfile /home/admin/.npm/_logs/2025-05-15T07_03_20_076Z-debug-0.log
27 timing npm:load:logFile Completed in 7ms
28 timing npm:load:timers Completed in 1ms
29 timing npm:load:configScope Completed in 0ms
30 timing npm:load Completed in 25ms
31 silly logfile start cleaning logs, removing 1 files
32 timing config:load:flatten Completed in 1ms
33 timing arborist:ctor Completed in 1ms
34 silly logfile done cleaning log files
35 timing idealTree:init Completed in 3ms
36 timing idealTree:userRequests Completed in 1ms
37 silly idealTree buildDeps
38 timing idealTree:#root Completed in 1ms
39 timing idealTree:buildDeps Completed in 1ms
40 timing idealTree:fixDepFlags Completed in 0ms
41 timing idealTree Completed in 11ms
42 timing npm-ci:rm Completed in 275ms
43 timing reify:loadTrees Completed in 4ms
44 timing reify:diffTrees Completed in 6ms
45 silly reify moves {}
46 timing reify:retireShallow Completed in 2ms
47 timing reify:createSparse Completed in 22ms
48 timing reify:loadBundles Completed in 0ms
49 silly audit bulk request {
49 silly audit   '@ampproject/remapping': [ '2.3.0' ],
49 silly audit   '@antfu/utils': [ '0.7.10' ],
49 silly audit   '@babel/code-frame': [ '7.27.1' ],
49 silly audit   '@babel/compat-data': [ '7.27.2' ],
49 silly audit   '@babel/core': [ '7.27.1' ],
49 silly audit   '@babel/generator': [ '7.27.1' ],
49 silly audit   '@babel/helper-annotate-as-pure': [ '7.27.1' ],
49 silly audit   '@babel/helper-compilation-targets': [ '7.27.2' ],
49 silly audit   '@babel/helper-create-class-features-plugin': [ '7.27.1' ],
49 silly audit   '@babel/helper-member-expression-to-functions': [ '7.27.1' ],
49 silly audit   '@babel/helper-module-imports': [ '7.27.1' ],
49 silly audit   '@babel/helper-module-transforms': [ '7.27.1' ],
49 silly audit   '@babel/helper-optimise-call-expression': [ '7.27.1' ],
49 silly audit   '@babel/helper-plugin-utils': [ '7.27.1' ],
49 silly audit   '@babel/helper-replace-supers': [ '7.27.1' ],
49 silly audit   '@babel/helper-skip-transparent-expression-wrappers': [ '7.27.1' ],
49 silly audit   '@babel/helper-string-parser': [ '7.27.1' ],
49 silly audit   '@babel/helper-validator-identifier': [ '7.27.1' ],
49 silly audit   '@babel/helper-validator-option': [ '7.27.1' ],
49 silly audit   '@babel/helpers': [ '7.27.1' ],
49 silly audit   '@babel/parser': [ '7.27.2' ],
49 silly audit   '@babel/plugin-proposal-decorators': [ '7.27.1' ],
49 silly audit   '@babel/plugin-syntax-decorators': [ '7.27.1' ],
49 silly audit   '@babel/plugin-syntax-import-attributes': [ '7.27.1' ],
49 silly audit   '@babel/plugin-syntax-import-meta': [ '7.10.4' ],
49 silly audit   '@babel/plugin-syntax-jsx': [ '7.27.1' ],
49 silly audit   '@babel/plugin-syntax-typescript': [ '7.27.1' ],
49 silly audit   '@babel/plugin-transform-typescript': [ '7.27.1' ],
49 silly audit   '@babel/template': [ '7.27.2' ],
49 silly audit   '@babel/traverse': [ '7.27.1' ],
49 silly audit   '@babel/types': [ '7.27.1' ],
49 silly audit   '@esbuild/aix-ppc64': [ '0.25.4' ],
49 silly audit   '@esbuild/android-arm': [ '0.25.4' ],
49 silly audit   '@esbuild/android-arm64': [ '0.25.4' ],
49 silly audit   '@esbuild/android-x64': [ '0.25.4' ],
49 silly audit   '@esbuild/darwin-arm64': [ '0.25.4' ],
49 silly audit   '@esbuild/darwin-x64': [ '0.25.4' ],
49 silly audit   '@esbuild/freebsd-arm64': [ '0.25.4' ],
49 silly audit   '@esbuild/freebsd-x64': [ '0.25.4' ],
49 silly audit   '@esbuild/linux-arm': [ '0.25.4' ],
49 silly audit   '@esbuild/linux-arm64': [ '0.25.4' ],
49 silly audit   '@esbuild/linux-ia32': [ '0.25.4' ],
49 silly audit   '@esbuild/linux-loong64': [ '0.25.4' ],
49 silly audit   '@esbuild/linux-mips64el': [ '0.25.4' ],
49 silly audit   '@esbuild/linux-ppc64': [ '0.25.4' ],
49 silly audit   '@esbuild/linux-riscv64': [ '0.25.4' ],
49 silly audit   '@esbuild/linux-s390x': [ '0.25.4' ],
49 silly audit   '@esbuild/linux-x64': [ '0.25.4' ],
49 silly audit   '@esbuild/netbsd-arm64': [ '0.25.4' ],
49 silly audit   '@esbuild/netbsd-x64': [ '0.25.4' ],
49 silly audit   '@esbuild/openbsd-arm64': [ '0.25.4' ],
49 silly audit   '@esbuild/openbsd-x64': [ '0.25.4' ],
49 silly audit   '@esbuild/sunos-x64': [ '0.25.4' ],
49 silly audit   '@esbuild/win32-arm64': [ '0.25.4' ],
49 silly audit   '@esbuild/win32-ia32': [ '0.25.4' ],
49 silly audit   '@esbuild/win32-x64': [ '0.25.4' ],
49 silly audit   '@jridgewell/gen-mapping': [ '0.3.8' ],
49 silly audit   '@jridgewell/resolve-uri': [ '3.1.2' ],
49 silly audit   '@jridgewell/set-array': [ '1.2.1' ],
49 silly audit   '@jridgewell/sourcemap-codec': [ '1.5.0' ],
49 silly audit   '@jridgewell/trace-mapping': [ '0.3.25' ],
49 silly audit   '@polka/url': [ '1.0.0-next.29' ],
49 silly audit   '@rollup/pluginutils': [ '5.1.4' ],
49 silly audit   '@rollup/rollup-android-arm-eabi': [ '4.40.2' ],
49 silly audit   '@rollup/rollup-android-arm64': [ '4.40.2' ],
49 silly audit   '@rollup/rollup-darwin-arm64': [ '4.40.2' ],
49 silly audit   '@rollup/rollup-darwin-x64': [ '4.40.2' ],
49 silly audit   '@rollup/rollup-freebsd-arm64': [ '4.40.2' ],
49 silly audit   '@rollup/rollup-freebsd-x64': [ '4.40.2' ],
49 silly audit   '@rollup/rollup-linux-arm-gnueabihf': [ '4.40.2' ],
49 silly audit   '@rollup/rollup-linux-arm-musleabihf': [ '4.40.2' ],
49 silly audit   '@rollup/rollup-linux-arm64-gnu': [ '4.40.2' ],
49 silly audit   '@rollup/rollup-linux-arm64-musl': [ '4.40.2' ],
49 silly audit   '@rollup/rollup-linux-loongarch64-gnu': [ '4.40.2' ],
49 silly audit   '@rollup/rollup-linux-powerpc64le-gnu': [ '4.40.2' ],
49 silly audit   '@rollup/rollup-linux-riscv64-gnu': [ '4.40.2' ],
49 silly audit   '@rollup/rollup-linux-riscv64-musl': [ '4.40.2' ],
49 silly audit   '@rollup/rollup-linux-s390x-gnu': [ '4.40.2' ],
49 silly audit   '@rollup/rollup-linux-x64-gnu': [ '4.40.2' ],
49 silly audit   '@rollup/rollup-linux-x64-musl': [ '4.40.2' ],
49 silly audit   '@rollup/rollup-win32-arm64-msvc': [ '4.40.2' ],
49 silly audit   '@rollup/rollup-win32-ia32-msvc': [ '4.40.2' ],
49 silly audit   '@rollup/rollup-win32-x64-msvc': [ '4.40.2' ],
49 silly audit   '@sec-ant/readable-stream': [ '0.4.1' ],
49 silly audit   '@sindresorhus/merge-streams': [ '4.0.0' ],
49 silly audit   '@types/estree': [ '1.0.7' ],
49 silly audit   '@vitejs/plugin-vue': [ '5.2.4' ],
49 silly audit   '@vue/babel-helper-vue-transform-on': [ '1.4.0' ],
49 silly audit   '@vue/babel-plugin-jsx': [ '1.4.0' ],
49 silly audit   '@vue/babel-plugin-resolve-type': [ '1.4.0' ],
49 silly audit   '@vue/compiler-core': [ '3.5.14' ],
49 silly audit   '@vue/compiler-dom': [ '3.5.14' ],
49 silly audit   '@vue/compiler-sfc': [ '3.5.14' ],
49 silly audit   '@vue/compiler-ssr': [ '3.5.14' ],
49 silly audit   '@vue/devtools-core': [ '7.7.6' ],
49 silly audit   nanoid: [ '5.1.5', '3.3.11' ],
49 silly audit   '@vue/devtools-kit': [ '7.7.6' ],
49 silly audit   '@vue/devtools-shared': [ '7.7.6' ],
49 silly audit   '@vue/reactivity': [ '3.5.14' ],
49 silly audit   '@vue/runtime-core': [ '3.5.14' ],
49 silly audit   '@vue/runtime-dom': [ '3.5.14' ],
49 silly audit   '@vue/server-renderer': [ '3.5.14' ],
49 silly audit   '@vue/shared': [ '3.5.14' ],
49 silly audit   autoprefixer: [ '10.4.21' ],
49 silly audit   birpc: [ '2.3.0' ],
49 silly audit   browserslist: [ '4.24.5' ],
49 silly audit   'bundle-name': [ '4.1.0' ],
49 silly audit   'caniuse-lite': [ '1.0.30001718' ],
49 silly audit   'convert-source-map': [ '2.0.0' ],
49 silly audit   'copy-anything': [ '3.0.5' ],
49 silly audit   'cross-spawn': [ '7.0.6' ],
49 silly audit   csstype: [ '3.1.3' ],
49 silly audit   debug: [ '4.4.1' ],
49 silly audit   'default-browser': [ '5.2.1' ],
49 silly audit   'default-browser-id': [ '5.0.0' ],
49 silly audit   'define-lazy-prop': [ '3.0.0' ],
49 silly audit   'electron-to-chromium': [ '1.5.154' ],
49 silly audit   entities: [ '4.5.0' ],
49 silly audit   'error-stack-parser-es': [ '0.1.5' ],
49 silly audit   esbuild: [ '0.25.4' ],
49 silly audit   escalade: [ '3.2.0' ],
49 silly audit   'estree-walker': [ '2.0.2' ],
49 silly audit   execa: [ '9.5.3' ],
49 silly audit   fdir: [ '6.4.4' ],
49 silly audit   figures: [ '6.1.0' ],
49 silly audit   'fraction.js': [ '4.3.7' ],
49 silly audit   'fs-extra': [ '11.3.0' ],
49 silly audit   fsevents: [ '2.3.3' ],
49 silly audit   gensync: [ '1.0.0-beta.2' ],
49 silly audit   'get-stream': [ '9.0.1' ],
49 silly audit   globals: [ '11.12.0' ],
49 silly audit   'graceful-fs': [ '4.2.11' ],
49 silly audit   hookable: [ '5.5.3' ],
49 silly audit   'human-signals': [ '8.0.1' ],
49 silly audit   'is-docker': [ '3.0.0' ],
49 silly audit   'is-inside-container': [ '1.0.0' ],
49 silly audit   'is-plain-obj': [ '4.1.0' ],
49 silly audit   'is-stream': [ '4.0.1' ],
49 silly audit   'is-unicode-supported': [ '2.1.0' ],
49 silly audit   'is-what': [ '4.1.16' ],
49 silly audit   'is-wsl': [ '3.1.0' ],
49 silly audit   isexe: [ '2.0.0' ],
49 silly audit   'js-tokens': [ '4.0.0' ],
49 silly audit   jsesc: [ '3.1.0' ],
49 silly audit   json5: [ '2.2.3' ],
49 silly audit   jsonfile: [ '6.1.0' ],
49 silly audit   kolorist: [ '1.8.0' ],
49 silly audit   'lru-cache': [ '5.1.1' ],
49 silly audit   'magic-string': [ '0.30.17' ],
49 silly audit   mitt: [ '3.0.1' ],
49 silly audit   mrmime: [ '2.0.1' ],
49 silly audit   ms: [ '2.1.3' ],
49 silly audit   'node-releases': [ '2.0.19' ],
49 silly audit   'normalize-range': [ '0.1.2' ],
49 silly audit   'npm-run-path': [ '6.0.0' ],
49 silly audit   'path-key': [ '4.0.0', '3.1.1' ],
49 silly audit   open: [ '10.1.2' ],
49 silly audit   'parse-ms': [ '4.0.0' ],
49 silly audit   pathe: [ '2.0.3' ],
49 silly audit   'perfect-debounce': [ '1.0.0' ],
49 silly audit   picocolors: [ '1.1.1' ],
49 silly audit   picomatch: [ '4.0.2' ],
49 silly audit   postcss: [ '8.5.3' ],
49 silly audit   'postcss-value-parser': [ '4.2.0' ],
49 silly audit   'pretty-ms': [ '9.2.0' ],
49 silly audit   rfdc: [ '1.4.1' ],
49 silly audit   rollup: [ '4.40.2' ],
49 silly audit   'run-applescript': [ '7.0.0' ],
49 silly audit   semver: [ '6.3.1' ],
49 silly audit   'shebang-command': [ '2.0.0' ],
49 silly audit   'shebang-regex': [ '3.0.0' ],
49 silly audit   'signal-exit': [ '4.1.0' ],
49 silly audit   sirv: [ '3.0.1' ],
49 silly audit   'source-map-js': [ '1.2.1' ],
49 silly audit   speakingurl: [ '14.0.1' ],
49 silly audit   'strip-final-newline': [ '4.0.0' ],
49 silly audit   superjson: [ '2.2.2' ],
49 silly audit   tailwindcss: [ '4.1.6' ],
49 silly audit   tinyglobby: [ '0.2.13' ],
49 silly audit   totalist: [ '3.0.1' ],
49 silly audit   'unicorn-magic': [ '0.3.0' ],
49 silly audit   universalify: [ '2.0.1' ],
49 silly audit   'update-browserslist-db': [ '1.1.3' ],
49 silly audit   vite: [ '6.3.5' ],
49 silly audit   'vite-hot-client': [ '2.0.4' ],
49 silly audit   'vite-plugin-inspect': [ '0.8.9' ],
49 silly audit   'vite-plugin-vue-devtools': [ '7.7.6' ],
49 silly audit   'vite-plugin-vue-inspector': [ '5.3.1' ],
49 silly audit   vue: [ '3.5.14' ],
49 silly audit   which: [ '2.0.2' ],
49 silly audit   yallist: [ '3.1.1' ],
49 silly audit   yoctocolors: [ '2.1.1' ]
49 silly audit }
50 verbose reify failed optional dependency /home/admin/dashboard/admin-dashboard/node_modules/fsevents
51 silly reify mark deleted [ '/home/admin/dashboard/admin-dashboard/node_modules/fsevents' ]
52 verbose reify failed optional dependency /home/admin/dashboard/admin-dashboard/node_modules/@rollup/rollup-win32-x64-msvc
53 silly reify mark deleted [
53 silly reify   '/home/admin/dashboard/admin-dashboard/node_modules/@rollup/rollup-win32-x64-msvc'
53 silly reify ]
54 verbose reify failed optional dependency /home/admin/dashboard/admin-dashboard/node_modules/@rollup/rollup-win32-ia32-msvc
55 silly reify mark deleted [
55 silly reify   '/home/admin/dashboard/admin-dashboard/node_modules/@rollup/rollup-win32-ia32-msvc'
55 silly reify ]
56 verbose reify failed optional dependency /home/admin/dashboard/admin-dashboard/node_modules/@rollup/rollup-win32-arm64-msvc
57 silly reify mark deleted [
57 silly reify   '/home/admin/dashboard/admin-dashboard/node_modules/@rollup/rollup-win32-arm64-msvc'
57 silly reify ]
58 verbose reify failed optional dependency /home/admin/dashboard/admin-dashboard/node_modules/@rollup/rollup-linux-s390x-gnu
59 silly reify mark deleted [
59 silly reify   '/home/admin/dashboard/admin-dashboard/node_modules/@rollup/rollup-linux-s390x-gnu'
59 silly reify ]
60 verbose reify failed optional dependency /home/admin/dashboard/admin-dashboard/node_modules/@rollup/rollup-linux-riscv64-musl
61 silly reify mark deleted [
61 silly reify   '/home/admin/dashboard/admin-dashboard/node_modules/@rollup/rollup-linux-riscv64-musl'
61 silly reify ]
62 verbose reify failed optional dependency /home/admin/dashboard/admin-dashboard/node_modules/@rollup/rollup-linux-riscv64-gnu
63 silly reify mark deleted [
63 silly reify   '/home/admin/dashboard/admin-dashboard/node_modules/@rollup/rollup-linux-riscv64-gnu'
63 silly reify ]
64 verbose reify failed optional dependency /home/admin/dashboard/admin-dashboard/node_modules/@rollup/rollup-linux-powerpc64le-gnu
65 silly reify mark deleted [
65 silly reify   '/home/admin/dashboard/admin-dashboard/node_modules/@rollup/rollup-linux-powerpc64le-gnu'
65 silly reify ]
66 verbose reify failed optional dependency /home/admin/dashboard/admin-dashboard/node_modules/@rollup/rollup-linux-loongarch64-gnu
67 silly reify mark deleted [
67 silly reify   '/home/admin/dashboard/admin-dashboard/node_modules/@rollup/rollup-linux-loongarch64-gnu'
67 silly reify ]
68 verbose reify failed optional dependency /home/admin/dashboard/admin-dashboard/node_modules/@rollup/rollup-linux-arm64-musl
69 silly reify mark deleted [
69 silly reify   '/home/admin/dashboard/admin-dashboard/node_modules/@rollup/rollup-linux-arm64-musl'
69 silly reify ]
70 verbose reify failed optional dependency /home/admin/dashboard/admin-dashboard/node_modules/@rollup/rollup-linux-arm64-gnu
71 silly reify mark deleted [
71 silly reify   '/home/admin/dashboard/admin-dashboard/node_modules/@rollup/rollup-linux-arm64-gnu'
71 silly reify ]
72 verbose reify failed optional dependency /home/admin/dashboard/admin-dashboard/node_modules/@rollup/rollup-linux-arm-musleabihf
73 silly reify mark deleted [
73 silly reify   '/home/admin/dashboard/admin-dashboard/node_modules/@rollup/rollup-linux-arm-musleabihf'
73 silly reify ]
74 verbose reify failed optional dependency /home/admin/dashboard/admin-dashboard/node_modules/@rollup/rollup-linux-arm-gnueabihf
75 silly reify mark deleted [
75 silly reify   '/home/admin/dashboard/admin-dashboard/node_modules/@rollup/rollup-linux-arm-gnueabihf'
75 silly reify ]
76 verbose reify failed optional dependency /home/admin/dashboard/admin-dashboard/node_modules/@rollup/rollup-freebsd-x64
77 silly reify mark deleted [
77 silly reify   '/home/admin/dashboard/admin-dashboard/node_modules/@rollup/rollup-freebsd-x64'
77 silly reify ]
78 verbose reify failed optional dependency /home/admin/dashboard/admin-dashboard/node_modules/@rollup/rollup-freebsd-arm64
79 silly reify mark deleted [
79 silly reify   '/home/admin/dashboard/admin-dashboard/node_modules/@rollup/rollup-freebsd-arm64'
79 silly reify ]
80 verbose reify failed optional dependency /home/admin/dashboard/admin-dashboard/node_modules/@rollup/rollup-darwin-x64
81 silly reify mark deleted [
81 silly reify   '/home/admin/dashboard/admin-dashboard/node_modules/@rollup/rollup-darwin-x64'
81 silly reify ]
82 verbose reify failed optional dependency /home/admin/dashboard/admin-dashboard/node_modules/@rollup/rollup-darwin-arm64
83 silly reify mark deleted [
83 silly reify   '/home/admin/dashboard/admin-dashboard/node_modules/@rollup/rollup-darwin-arm64'
83 silly reify ]
84 verbose reify failed optional dependency /home/admin/dashboard/admin-dashboard/node_modules/@rollup/rollup-android-arm64
85 silly reify mark deleted [
85 silly reify   '/home/admin/dashboard/admin-dashboard/node_modules/@rollup/rollup-android-arm64'
85 silly reify ]
86 verbose reify failed optional dependency /home/admin/dashboard/admin-dashboard/node_modules/@rollup/rollup-android-arm-eabi
87 silly reify mark deleted [
87 silly reify   '/home/admin/dashboard/admin-dashboard/node_modules/@rollup/rollup-android-arm-eabi'
87 silly reify ]
88 verbose reify failed optional dependency /home/admin/dashboard/admin-dashboard/node_modules/@esbuild/win32-x64
89 silly reify mark deleted [
89 silly reify   '/home/admin/dashboard/admin-dashboard/node_modules/@esbuild/win32-x64'
89 silly reify ]
90 verbose reify failed optional dependency /home/admin/dashboard/admin-dashboard/node_modules/@esbuild/win32-ia32
91 silly reify mark deleted [
91 silly reify   '/home/admin/dashboard/admin-dashboard/node_modules/@esbuild/win32-ia32'
91 silly reify ]
92 verbose reify failed optional dependency /home/admin/dashboard/admin-dashboard/node_modules/@esbuild/win32-arm64
93 silly reify mark deleted [
93 silly reify   '/home/admin/dashboard/admin-dashboard/node_modules/@esbuild/win32-arm64'
93 silly reify ]
94 verbose reify failed optional dependency /home/admin/dashboard/admin-dashboard/node_modules/@esbuild/sunos-x64
95 silly reify mark deleted [
95 silly reify   '/home/admin/dashboard/admin-dashboard/node_modules/@esbuild/sunos-x64'
95 silly reify ]
96 verbose reify failed optional dependency /home/admin/dashboard/admin-dashboard/node_modules/@esbuild/openbsd-x64
97 silly reify mark deleted [
97 silly reify   '/home/admin/dashboard/admin-dashboard/node_modules/@esbuild/openbsd-x64'
97 silly reify ]
98 verbose reify failed optional dependency /home/admin/dashboard/admin-dashboard/node_modules/@esbuild/openbsd-arm64
99 silly reify mark deleted [
99 silly reify   '/home/admin/dashboard/admin-dashboard/node_modules/@esbuild/openbsd-arm64'
99 silly reify ]
100 verbose reify failed optional dependency /home/admin/dashboard/admin-dashboard/node_modules/@esbuild/netbsd-x64
101 silly reify mark deleted [
101 silly reify   '/home/admin/dashboard/admin-dashboard/node_modules/@esbuild/netbsd-x64'
101 silly reify ]
102 verbose reify failed optional dependency /home/admin/dashboard/admin-dashboard/node_modules/@esbuild/netbsd-arm64
103 silly reify mark deleted [
103 silly reify   '/home/admin/dashboard/admin-dashboard/node_modules/@esbuild/netbsd-arm64'
103 silly reify ]
104 verbose reify failed optional dependency /home/admin/dashboard/admin-dashboard/node_modules/@esbuild/linux-s390x
105 silly reify mark deleted [
105 silly reify   '/home/admin/dashboard/admin-dashboard/node_modules/@esbuild/linux-s390x'
105 silly reify ]
106 verbose reify failed optional dependency /home/admin/dashboard/admin-dashboard/node_modules/@esbuild/linux-riscv64
107 silly reify mark deleted [
107 silly reify   '/home/admin/dashboard/admin-dashboard/node_modules/@esbuild/linux-riscv64'
107 silly reify ]
108 verbose reify failed optional dependency /home/admin/dashboard/admin-dashboard/node_modules/@esbuild/linux-ppc64
109 silly reify mark deleted [
109 silly reify   '/home/admin/dashboard/admin-dashboard/node_modules/@esbuild/linux-ppc64'
109 silly reify ]
110 verbose reify failed optional dependency /home/admin/dashboard/admin-dashboard/node_modules/@esbuild/linux-mips64el
111 silly reify mark deleted [
111 silly reify   '/home/admin/dashboard/admin-dashboard/node_modules/@esbuild/linux-mips64el'
111 silly reify ]
112 verbose reify failed optional dependency /home/admin/dashboard/admin-dashboard/node_modules/@esbuild/linux-loong64
113 silly reify mark deleted [
113 silly reify   '/home/admin/dashboard/admin-dashboard/node_modules/@esbuild/linux-loong64'
113 silly reify ]
114 verbose reify failed optional dependency /home/admin/dashboard/admin-dashboard/node_modules/@esbuild/linux-ia32
115 silly reify mark deleted [
115 silly reify   '/home/admin/dashboard/admin-dashboard/node_modules/@esbuild/linux-ia32'
115 silly reify ]
116 verbose reify failed optional dependency /home/admin/dashboard/admin-dashboard/node_modules/@esbuild/linux-arm64
117 silly reify mark deleted [
117 silly reify   '/home/admin/dashboard/admin-dashboard/node_modules/@esbuild/linux-arm64'
117 silly reify ]
118 verbose reify failed optional dependency /home/admin/dashboard/admin-dashboard/node_modules/@esbuild/linux-arm
119 silly reify mark deleted [
119 silly reify   '/home/admin/dashboard/admin-dashboard/node_modules/@esbuild/linux-arm'
119 silly reify ]
120 verbose reify failed optional dependency /home/admin/dashboard/admin-dashboard/node_modules/@esbuild/freebsd-x64
121 silly reify mark deleted [
121 silly reify   '/home/admin/dashboard/admin-dashboard/node_modules/@esbuild/freebsd-x64'
121 silly reify ]
122 verbose reify failed optional dependency /home/admin/dashboard/admin-dashboard/node_modules/@esbuild/freebsd-arm64
123 silly reify mark deleted [
123 silly reify   '/home/admin/dashboard/admin-dashboard/node_modules/@esbuild/freebsd-arm64'
123 silly reify ]
124 verbose reify failed optional dependency /home/admin/dashboard/admin-dashboard/node_modules/@esbuild/darwin-x64
125 silly reify mark deleted [
125 silly reify   '/home/admin/dashboard/admin-dashboard/node_modules/@esbuild/darwin-x64'
125 silly reify ]
126 verbose reify failed optional dependency /home/admin/dashboard/admin-dashboard/node_modules/@esbuild/darwin-arm64
127 silly reify mark deleted [
127 silly reify   '/home/admin/dashboard/admin-dashboard/node_modules/@esbuild/darwin-arm64'
127 silly reify ]
128 verbose reify failed optional dependency /home/admin/dashboard/admin-dashboard/node_modules/@esbuild/android-x64
129 silly reify mark deleted [
129 silly reify   '/home/admin/dashboard/admin-dashboard/node_modules/@esbuild/android-x64'
129 silly reify ]
130 verbose reify failed optional dependency /home/admin/dashboard/admin-dashboard/node_modules/@esbuild/android-arm64
131 silly reify mark deleted [
131 silly reify   '/home/admin/dashboard/admin-dashboard/node_modules/@esbuild/android-arm64'
131 silly reify ]
132 verbose reify failed optional dependency /home/admin/dashboard/admin-dashboard/node_modules/@esbuild/android-arm
133 silly reify mark deleted [
133 silly reify   '/home/admin/dashboard/admin-dashboard/node_modules/@esbuild/android-arm'
133 silly reify ]
134 verbose reify failed optional dependency /home/admin/dashboard/admin-dashboard/node_modules/@esbuild/aix-ppc64
135 silly reify mark deleted [
135 silly reify   '/home/admin/dashboard/admin-dashboard/node_modules/@esbuild/aix-ppc64'
135 silly reify ]
136 timing reifyNode:node_modules/fsevents Completed in 94ms
137 timing reifyNode:node_modules/@rollup/rollup-win32-x64-msvc Completed in 91ms
138 timing reifyNode:node_modules/@rollup/rollup-win32-ia32-msvc Completed in 91ms
139 timing reifyNode:node_modules/@rollup/rollup-win32-arm64-msvc Completed in 91ms
140 timing reifyNode:node_modules/@rollup/rollup-linux-s390x-gnu Completed in 92ms
141 timing reifyNode:node_modules/@rollup/rollup-linux-riscv64-musl Completed in 92ms
142 timing reifyNode:node_modules/@rollup/rollup-linux-riscv64-gnu Completed in 92ms
143 timing reifyNode:node_modules/@rollup/rollup-linux-powerpc64le-gnu Completed in 92ms
144 timing reifyNode:node_modules/@rollup/rollup-linux-loongarch64-gnu Completed in 92ms
145 timing reifyNode:node_modules/@rollup/rollup-linux-arm64-musl Completed in 92ms
146 timing reifyNode:node_modules/@rollup/rollup-linux-arm64-gnu Completed in 92ms
147 timing reifyNode:node_modules/@rollup/rollup-linux-arm-musleabihf Completed in 92ms
148 timing reifyNode:node_modules/@rollup/rollup-linux-arm-gnueabihf Completed in 92ms
149 timing reifyNode:node_modules/@rollup/rollup-freebsd-x64 Completed in 92ms
150 timing reifyNode:node_modules/@rollup/rollup-freebsd-arm64 Completed in 92ms
151 timing reifyNode:node_modules/@rollup/rollup-darwin-x64 Completed in 91ms
152 timing reifyNode:node_modules/@rollup/rollup-darwin-arm64 Completed in 91ms
153 timing reifyNode:node_modules/@rollup/rollup-android-arm64 Completed in 92ms
154 timing reifyNode:node_modules/@rollup/rollup-android-arm-eabi Completed in 92ms
155 timing reifyNode:node_modules/@esbuild/win32-x64 Completed in 92ms
156 timing reifyNode:node_modules/@esbuild/win32-ia32 Completed in 92ms
157 timing reifyNode:node_modules/@esbuild/win32-arm64 Completed in 92ms
158 timing reifyNode:node_modules/@esbuild/sunos-x64 Completed in 92ms
159 timing reifyNode:node_modules/@esbuild/openbsd-x64 Completed in 92ms
160 timing reifyNode:node_modules/@esbuild/openbsd-arm64 Completed in 91ms
161 timing reifyNode:node_modules/@esbuild/netbsd-x64 Completed in 91ms
162 timing reifyNode:node_modules/@esbuild/netbsd-arm64 Completed in 91ms
163 timing reifyNode:node_modules/@esbuild/linux-s390x Completed in 91ms
164 timing reifyNode:node_modules/@esbuild/linux-riscv64 Completed in 91ms
165 timing reifyNode:node_modules/@esbuild/linux-ppc64 Completed in 91ms
166 timing reifyNode:node_modules/@esbuild/linux-mips64el Completed in 91ms
167 timing reifyNode:node_modules/@esbuild/linux-loong64 Completed in 91ms
168 timing reifyNode:node_modules/@esbuild/linux-ia32 Completed in 92ms
169 timing reifyNode:node_modules/@esbuild/linux-arm64 Completed in 92ms
170 timing reifyNode:node_modules/@esbuild/linux-arm Completed in 92ms
171 timing reifyNode:node_modules/@esbuild/freebsd-x64 Completed in 92ms
172 timing reifyNode:node_modules/@esbuild/freebsd-arm64 Completed in 92ms
173 timing reifyNode:node_modules/@esbuild/darwin-x64 Completed in 92ms
174 timing reifyNode:node_modules/@esbuild/darwin-arm64 Completed in 92ms
175 timing reifyNode:node_modules/@esbuild/android-x64 Completed in 92ms
176 timing reifyNode:node_modules/@esbuild/android-arm64 Completed in 92ms
177 timing reifyNode:node_modules/@esbuild/android-arm Completed in 91ms
178 timing reifyNode:node_modules/@esbuild/aix-ppc64 Completed in 91ms
179 http fetch POST 200 https://registry.npmjs.org/-/npm/v1/security/advisories/bulk 786ms
180 timing auditReport:getReport Completed in 792ms
181 silly audit report {}
182 timing auditReport:init Completed in 0ms
183 timing reify:audit Completed in 792ms
184 timing reifyNode:node_modules/default-browser-id Completed in 791ms
185 timing reifyNode:node_modules/bundle-name Completed in 794ms
186 timing reifyNode:node_modules/universalify Completed in 800ms
187 timing reifyNode:node_modules/shebang-command Completed in 800ms
188 timing reifyNode:node_modules/normalize-range Completed in 800ms
189 timing reifyNode:node_modules/ms Completed in 800ms
190 timing reifyNode:node_modules/define-lazy-prop Completed in 799ms
191 timing reifyNode:node_modules/convert-source-map Completed in 800ms
192 timing reifyNode:node_modules/yallist Completed in 807ms
193 timing reifyNode:node_modules/strip-final-newline Completed in 810ms
194 timing reifyNode:node_modules/shebang-regex Completed in 809ms
195 timing reifyNode:node_modules/run-applescript Completed in 809ms
196 timing reifyNode:node_modules/path-key Completed in 810ms
197 timing reifyNode:node_modules/parse-ms Completed in 810ms
198 timing reifyNode:node_modules/npm-run-path Completed in 809ms
199 timing reifyNode:node_modules/lru-cache Completed in 809ms
200 timing reifyNode:node_modules/is-wsl Completed in 808ms
201 timing reifyNode:node_modules/is-unicode-supported Completed in 809ms
202 timing reifyNode:node_modules/is-stream Completed in 809ms
203 timing reifyNode:node_modules/is-plain-obj Completed in 810ms
204 timing reifyNode:node_modules/default-browser Completed in 809ms
205 timing reifyNode:node_modules/@vue/babel-helper-vue-transform-on Completed in 809ms
206 timing reifyNode:node_modules/@sindresorhus/merge-streams Completed in 808ms
207 timing reifyNode:node_modules/@polka/url Completed in 807ms
208 timing reifyNode:node_modules/@babel/plugin-syntax-import-meta Completed in 805ms
209 timing reifyNode:node_modules/yoctocolors Completed in 819ms
210 timing reifyNode:node_modules/which Completed in 818ms
211 timing reifyNode:node_modules/npm-run-path/node_modules/path-key Completed in 815ms
212 timing reifyNode:node_modules/pretty-ms Completed in 817ms
213 timing reifyNode:node_modules/js-tokens Completed in 816ms
214 timing reifyNode:node_modules/is-inside-container Completed in 816ms
215 timing reifyNode:node_modules/is-docker Completed in 816ms
216 timing reifyNode:node_modules/@babel/plugin-syntax-import-attributes Completed in 816ms
217 timing reifyNode:node_modules/@babel/plugin-syntax-typescript Completed in 816ms
218 timing reifyNode:node_modules/@babel/plugin-syntax-jsx Completed in 816ms
219 timing reifyNode:node_modules/@babel/plugin-syntax-decorators Completed in 817ms
220 timing reifyNode:node_modules/@babel/helper-skip-transparent-expression-wrappers Completed in 816ms
221 timing reifyNode:node_modules/@babel/helper-plugin-utils Completed in 816ms
222 timing reifyNode:node_modules/@babel/helper-optimise-call-expression Completed in 816ms
223 timing reifyNode:node_modules/@babel/helper-annotate-as-pure Completed in 816ms
224 timing reifyNode:node_modules/vite-hot-client Completed in 828ms
225 timing reifyNode:node_modules/unicorn-magic Completed in 828ms
226 timing reifyNode:node_modules/picocolors Completed in 828ms
227 timing reifyNode:node_modules/perfect-debounce Completed in 829ms
228 timing reifyNode:node_modules/graceful-fs Completed in 828ms
229 timing reifyNode:node_modules/globals Completed in 828ms
230 timing reifyNode:node_modules/@types/estree Completed in 827ms
231 timing reifyNode:node_modules/sirv Completed in 835ms
232 timing reifyNode:node_modules/mrmime Completed in 834ms
233 timing reifyNode:node_modules/jsonfile Completed in 834ms
234 timing reifyNode:node_modules/debug Completed in 833ms
235 timing reifyNode:node_modules/figures Completed in 835ms
236 timing reifyNode:node_modules/@vue/compiler-ssr Completed in 833ms
237 timing reifyNode:node_modules/@vue/babel-plugin-resolve-type Completed in 835ms
238 timing reifyNode:node_modules/@babel/helper-string-parser Completed in 831ms
239 timing reifyNode:node_modules/@babel/helper-replace-supers Completed in 831ms
240 timing reifyNode:node_modules/@babel/helper-member-expression-to-functions Completed in 831ms
241 timing reifyNode:node_modules/@babel/code-frame Completed in 831ms
242 timing reifyNode:node_modules/update-browserslist-db Completed in 850ms
243 timing reifyNode:node_modules/open Completed in 849ms
244 timing reifyNode:node_modules/isexe Completed in 850ms
245 timing reifyNode:node_modules/cross-spawn Completed in 849ms
246 timing reifyNode:node_modules/birpc Completed in 849ms
247 timing reifyNode:node_modules/@vue/devtools-shared Completed in 849ms
248 timing reifyNode:node_modules/totalist Completed in 856ms
249 timing reifyNode:node_modules/gensync Completed in 854ms
250 timing reifyNode:node_modules/tinyglobby Completed in 862ms
251 timing reifyNode:node_modules/semver Completed in 861ms
252 timing reifyNode:node_modules/node-releases Completed in 860ms
253 timing reifyNode:node_modules/jsesc Completed in 861ms
254 timing reifyNode:node_modules/copy-anything Completed in 860ms
255 timing reifyNode:node_modules/@jridgewell/resolve-uri Completed in 858ms
256 timing reifyNode:node_modules/@jridgewell/set-array Completed in 859ms
257 timing reifyNode:node_modules/@babel/plugin-proposal-decorators Completed in 857ms
258 timing reifyNode:node_modules/@babel/helper-validator-identifier Completed in 857ms
259 timing reifyNode:node_modules/@babel/helper-validator-option Completed in 857ms
260 timing reifyNode:node_modules/postcss-value-parser Completed in 866ms
261 timing reifyNode:node_modules/mitt Completed in 865ms
262 timing reifyNode:node_modules/human-signals Completed in 864ms
263 timing reifyNode:node_modules/escalade Completed in 864ms
264 timing reifyNode:node_modules/rfdc Completed in 871ms
265 timing reifyNode:node_modules/vite-plugin-vue-inspector Completed in 873ms
266 timing reifyNode:node_modules/@vue/babel-plugin-jsx Completed in 869ms
267 timing reifyNode:node_modules/hookable Completed in 876ms
268 timing reifyNode:node_modules/@vue/shared Completed in 879ms
269 timing reifyNode:node_modules/fraction.js Completed in 888ms
270 timing reifyNode:node_modules/is-what Completed in 888ms
271 timing reifyNode:node_modules/error-stack-parser-es Completed in 888ms
272 timing reifyNode:node_modules/browserslist Completed in 888ms
273 timing reifyNode:node_modules/@vue/devtools-core Completed in 887ms
274 timing reifyNode:node_modules/picomatch Completed in 896ms
275 timing reifyNode:node_modules/@vue/devtools-core/node_modules/nanoid Completed in 894ms
276 timing reifyNode:node_modules/get-stream Completed in 898ms
277 timing reifyNode:node_modules/@babel/helper-module-imports Completed in 892ms
278 timing reifyNode:node_modules/@antfu/utils Completed in 892ms
279 timing reifyNode:node_modules/esbuild Completed in 902ms
280 timing reifyNode:node_modules/@jridgewell/gen-mapping Completed in 899ms
281 timing reifyNode:node_modules/@babel/compat-data Completed in 896ms
282 timing reifyNode:node_modules/kolorist Completed in 906ms
283 timing reifyNode:node_modules/@rollup/pluginutils Completed in 902ms
284 timing reifyNode:node_modules/pathe Completed in 908ms
285 timing reifyNode:node_modules/@ampproject/remapping Completed in 901ms
286 timing reifyNode:node_modules/@vitejs/plugin-vue Completed in 906ms
287 timing reifyNode:node_modules/@jridgewell/sourcemap-codec Completed in 909ms
288 timing reifyNode:node_modules/@babel/helper-compilation-targets Completed in 906ms
289 timing reifyNode:node_modules/electron-to-chromium Completed in 915ms
290 timing reifyNode:node_modules/estree-walker Completed in 926ms
291 timing reifyNode:node_modules/@babel/plugin-transform-typescript Completed in 922ms
292 timing reifyNode:node_modules/@babel/template Completed in 929ms
293 timing reifyNode:node_modules/@jridgewell/trace-mapping Completed in 932ms
294 timing reifyNode:node_modules/@babel/helper-module-transforms Completed in 932ms
295 timing reifyNode:node_modules/source-map-js Completed in 941ms
296 timing reifyNode:node_modules/nanoid Completed in 941ms
297 timing reifyNode:node_modules/@vue/server-renderer Completed in 957ms
298 timing reifyNode:node_modules/@vue/reactivity Completed in 958ms
299 timing reifyNode:node_modules/@sec-ant/readable-stream Completed in 963ms
300 timing reifyNode:node_modules/signal-exit Completed in 969ms
301 timing reifyNode:node_modules/json5 Completed in 968ms
302 timing reifyNode:node_modules/@vue/devtools-kit Completed in 974ms
303 timing reifyNode:node_modules/magic-string Completed in 978ms
304 timing reifyNode:node_modules/@vue/compiler-core Completed in 978ms
305 timing reifyNode:node_modules/superjson Completed in 994ms
306 timing reifyNode:node_modules/@vue/compiler-dom Completed in 989ms
307 timing reifyNode:node_modules/@babel/helper-create-class-features-plugin Completed in 984ms
308 timing reifyNode:node_modules/fs-extra Completed in 994ms
309 timing reifyNode:node_modules/fdir Completed in 994ms
310 timing reifyNode:node_modules/@vue/runtime-core Completed in 998ms
311 timing reifyNode:node_modules/speakingurl Completed in 1014ms
312 timing reifyNode:node_modules/csstype Completed in 1028ms
313 timing reifyNode:node_modules/postcss Completed in 1033ms
314 timing reifyNode:node_modules/tailwindcss Completed in 1034ms
315 timing reifyNode:node_modules/@vue/runtime-dom Completed in 1041ms
316 timing reifyNode:node_modules/@babel/generator Completed in 1054ms
317 timing reifyNode:node_modules/autoprefixer Completed in 1075ms
318 timing reifyNode:node_modules/entities Completed in 1076ms
319 timing reifyNode:node_modules/@babel/parser Completed in 1090ms
320 timing reifyNode:node_modules/@babel/traverse Completed in 1093ms
321 timing reifyNode:node_modules/@rollup/rollup-linux-x64-musl Completed in 1128ms
322 timing reifyNode:node_modules/@rollup/rollup-linux-x64-gnu Completed in 1134ms
323 timing reifyNode:node_modules/@vue/compiler-sfc Completed in 1135ms
324 timing reifyNode:node_modules/vue Completed in 1169ms
325 timing reifyNode:node_modules/rollup Completed in 1179ms
326 timing reifyNode:node_modules/vite Completed in 1192ms
327 timing reifyNode:node_modules/execa Completed in 1194ms
328 timing reifyNode:node_modules/@babel/core Completed in 1190ms
329 timing reifyNode:node_modules/vite-plugin-inspect Completed in 1233ms
330 timing reifyNode:node_modules/@babel/helpers Completed in 1232ms
331 timing reifyNode:node_modules/@babel/types Completed in 1299ms
332 timing reifyNode:node_modules/vite-plugin-vue-devtools Completed in 1312ms
333 timing reifyNode:node_modules/@esbuild/linux-x64 Completed in 1363ms
334 timing reifyNode:node_modules/caniuse-lite Completed in 1474ms
335 timing reify:unpack Completed in 1480ms
336 timing reify:unretire Completed in 1ms
337 timing build:queue Completed in 10ms
338 timing build:link:node_modules/@babel/parser Completed in 10ms
339 timing build:link:node_modules/@vue/devtools-core/node_modules/nanoid Completed in 6ms
340 timing build:link:node_modules/autoprefixer Completed in 9ms
341 timing build:link:node_modules/browserslist Completed in 9ms
342 timing build:link:node_modules/esbuild Completed in 8ms
343 timing build:link:node_modules/is-docker Completed in 8ms
344 timing build:link:node_modules/is-inside-container Completed in 8ms
345 timing build:link:node_modules/jsesc Completed in 8ms
346 timing build:link:node_modules/json5 Completed in 8ms
347 timing build:link:node_modules/nanoid Completed in 8ms
348 timing build:link:node_modules/rollup Completed in 7ms
349 timing build:link:node_modules/semver Completed in 7ms
350 timing build:link:node_modules/update-browserslist-db Completed in 7ms
351 timing build:link:node_modules/vite Completed in 7ms
352 timing build:link:node_modules/which Completed in 6ms
353 timing build:link Completed in 10ms
354 info run esbuild@0.25.4 postinstall node_modules/esbuild node install.js
355 info run esbuild@0.25.4 postinstall { code: 0, signal: null }
356 timing build:run:postinstall:node_modules/esbuild Completed in 186ms
357 timing build:run:postinstall Completed in 188ms
358 timing build:deps Completed in 208ms
359 timing build Completed in 208ms
360 timing reify:build Completed in 209ms
361 timing reify:trash Completed in 4ms
362 timing reify Completed in 1781ms
363 silly ADD node_modules/yoctocolors
364 silly ADD node_modules/yallist
365 silly ADD node_modules/which
366 silly ADD node_modules/vue
367 silly ADD node_modules/vite-plugin-vue-inspector
368 silly ADD node_modules/vite-plugin-vue-devtools
369 silly ADD node_modules/vite-plugin-inspect
370 silly ADD node_modules/vite-hot-client
371 silly ADD node_modules/vite
372 silly ADD node_modules/update-browserslist-db
373 silly ADD node_modules/universalify
374 silly ADD node_modules/unicorn-magic
375 silly ADD node_modules/totalist
376 silly ADD node_modules/tinyglobby
377 silly ADD node_modules/tailwindcss
378 silly ADD node_modules/superjson
379 silly ADD node_modules/strip-final-newline
380 silly ADD node_modules/speakingurl
381 silly ADD node_modules/source-map-js
382 silly ADD node_modules/sirv
383 silly ADD node_modules/signal-exit
384 silly ADD node_modules/shebang-regex
385 silly ADD node_modules/shebang-command
386 silly ADD node_modules/semver
387 silly ADD node_modules/run-applescript
388 silly ADD node_modules/rollup
389 silly ADD node_modules/rfdc
390 silly ADD node_modules/pretty-ms
391 silly ADD node_modules/postcss-value-parser
392 silly ADD node_modules/postcss
393 silly ADD node_modules/picomatch
394 silly ADD node_modules/picocolors
395 silly ADD node_modules/perfect-debounce
396 silly ADD node_modules/pathe
397 silly ADD node_modules/path-key
398 silly ADD node_modules/parse-ms
399 silly ADD node_modules/open
400 silly ADD node_modules/npm-run-path
401 silly ADD node_modules/npm-run-path/node_modules/path-key
402 silly ADD node_modules/normalize-range
403 silly ADD node_modules/node-releases
404 silly ADD node_modules/nanoid
405 silly ADD node_modules/ms
406 silly ADD node_modules/mrmime
407 silly ADD node_modules/mitt
408 silly ADD node_modules/magic-string
409 silly ADD node_modules/lru-cache
410 silly ADD node_modules/kolorist
411 silly ADD node_modules/jsonfile
412 silly ADD node_modules/json5
413 silly ADD node_modules/jsesc
414 silly ADD node_modules/js-tokens
415 silly ADD node_modules/isexe
416 silly ADD node_modules/is-wsl
417 silly ADD node_modules/is-what
418 silly ADD node_modules/is-unicode-supported
419 silly ADD node_modules/is-stream
420 silly ADD node_modules/is-plain-obj
421 silly ADD node_modules/is-inside-container
422 silly ADD node_modules/is-docker
423 silly ADD node_modules/human-signals
424 silly ADD node_modules/hookable
425 silly ADD node_modules/graceful-fs
426 silly ADD node_modules/globals
427 silly ADD node_modules/get-stream
428 silly ADD node_modules/gensync
429 silly ADD
430 silly ADD node_modules/fs-extra
431 silly ADD node_modules/fraction.js
432 silly ADD node_modules/figures
433 silly ADD node_modules/fdir
434 silly ADD node_modules/execa
435 silly ADD node_modules/estree-walker
436 silly ADD node_modules/escalade
437 silly ADD node_modules/esbuild
438 silly ADD node_modules/error-stack-parser-es
439 silly ADD node_modules/entities
440 silly ADD node_modules/electron-to-chromium
441 silly ADD node_modules/define-lazy-prop
442 silly ADD node_modules/default-browser-id
443 silly ADD node_modules/default-browser
444 silly ADD node_modules/debug
445 silly ADD node_modules/csstype
446 silly ADD node_modules/cross-spawn
447 silly ADD node_modules/copy-anything
448 silly ADD node_modules/convert-source-map
449 silly ADD node_modules/caniuse-lite
450 silly ADD node_modules/bundle-name
451 silly ADD node_modules/browserslist
452 silly ADD node_modules/birpc
453 silly ADD node_modules/autoprefixer
454 silly ADD node_modules/@vue/shared
455 silly ADD node_modules/@vue/server-renderer
456 silly ADD node_modules/@vue/runtime-dom
457 silly ADD node_modules/@vue/runtime-core
458 silly ADD node_modules/@vue/reactivity
459 silly ADD node_modules/@vue/devtools-shared
460 silly ADD node_modules/@vue/devtools-kit
461 silly ADD node_modules/@vue/devtools-core
462 silly ADD node_modules/@vue/devtools-core/node_modules/nanoid
463 silly ADD node_modules/@vue/compiler-ssr
464 silly ADD node_modules/@vue/compiler-sfc
465 silly ADD node_modules/@vue/compiler-dom
466 silly ADD node_modules/@vue/compiler-core
467 silly ADD node_modules/@vue/babel-plugin-resolve-type
468 silly ADD node_modules/@vue/babel-plugin-jsx
469 silly ADD node_modules/@vue/babel-helper-vue-transform-on
470 silly ADD node_modules/@vitejs/plugin-vue
471 silly ADD node_modules/@types/estree
472 silly ADD node_modules/@sindresorhus/merge-streams
473 silly ADD node_modules/@sec-ant/readable-stream
474 silly ADD
475 silly ADD
476 silly ADD
477 silly ADD node_modules/@rollup/rollup-linux-x64-musl
478 silly ADD node_modules/@rollup/rollup-linux-x64-gnu
479 silly ADD
480 silly ADD
481 silly ADD
482 silly ADD
483 silly ADD
484 silly ADD
485 silly ADD
486 silly ADD
487 silly ADD
488 silly ADD
489 silly ADD
490 silly ADD
491 silly ADD
492 silly ADD
493 silly ADD
494 silly ADD node_modules/@rollup/pluginutils
495 silly ADD node_modules/@polka/url
496 silly ADD node_modules/@jridgewell/trace-mapping
497 silly ADD node_modules/@jridgewell/sourcemap-codec
498 silly ADD node_modules/@jridgewell/set-array
499 silly ADD node_modules/@jridgewell/resolve-uri
500 silly ADD node_modules/@jridgewell/gen-mapping
501 silly ADD
502 silly ADD
503 silly ADD
504 silly ADD
505 silly ADD
506 silly ADD
507 silly ADD
508 silly ADD
509 silly ADD node_modules/@esbuild/linux-x64
510 silly ADD
511 silly ADD
512 silly ADD
513 silly ADD
514 silly ADD
515 silly ADD
516 silly ADD
517 silly ADD
518 silly ADD
519 silly ADD
520 silly ADD
521 silly ADD
522 silly ADD
523 silly ADD
524 silly ADD
525 silly ADD
526 silly ADD node_modules/@babel/types
527 silly ADD node_modules/@babel/traverse
528 silly ADD node_modules/@babel/template
529 silly ADD node_modules/@babel/plugin-transform-typescript
530 silly ADD node_modules/@babel/plugin-syntax-typescript
531 silly ADD node_modules/@babel/plugin-syntax-jsx
532 silly ADD node_modules/@babel/plugin-syntax-import-meta
533 silly ADD node_modules/@babel/plugin-syntax-import-attributes
534 silly ADD node_modules/@babel/plugin-syntax-decorators
535 silly ADD node_modules/@babel/plugin-proposal-decorators
536 silly ADD node_modules/@babel/parser
537 silly ADD node_modules/@babel/helpers
538 silly ADD node_modules/@babel/helper-validator-option
539 silly ADD node_modules/@babel/helper-validator-identifier
540 silly ADD node_modules/@babel/helper-string-parser
541 silly ADD node_modules/@babel/helper-skip-transparent-expression-wrappers
542 silly ADD node_modules/@babel/helper-replace-supers
543 silly ADD node_modules/@babel/helper-plugin-utils
544 silly ADD node_modules/@babel/helper-optimise-call-expression
545 silly ADD node_modules/@babel/helper-module-transforms
546 silly ADD node_modules/@babel/helper-module-imports
547 silly ADD node_modules/@babel/helper-member-expression-to-functions
548 silly ADD node_modules/@babel/helper-create-class-features-plugin
549 silly ADD node_modules/@babel/helper-compilation-targets
550 silly ADD node_modules/@babel/helper-annotate-as-pure
551 silly ADD node_modules/@babel/generator
552 silly ADD node_modules/@babel/core
553 silly ADD node_modules/@babel/compat-data
554 silly ADD node_modules/@babel/code-frame
555 silly ADD node_modules/@antfu/utils
556 silly ADD node_modules/@ampproject/remapping
557 timing command:ci Completed in 2211ms
558 verbose exit 0
559 timing npm Completed in 2252ms
560 info ok
